ARM GAS  /tmp/ccKu63KU.s 			page 1


   1              		.syntax unified
   2              		.cpu cortex-m0
   3              		.fpu softvfp
   4              		.eabi_attribute 20, 1	@ Tag_ABI_FP_denormal
   5              		.eabi_attribute 21, 1	@ Tag_ABI_FP_exceptions
   6              		.eabi_attribute 23, 3	@ Tag_ABI_FP_number_model
   7              		.eabi_attribute 24, 1	@ Tag_ABI_align8_needed
   8              		.eabi_attribute 25, 1	@ Tag_ABI_align8_preserved
   9              		.eabi_attribute 26, 1	@ Tag_ABI_enum_size
  10              		.eabi_attribute 30, 6	@ Tag_ABI_optimization_goals
  11              		.eabi_attribute 34, 0	@ Tag_CPU_unaligned_access
  12              		.eabi_attribute 18, 4	@ Tag_ABI_PCS_wchar_t
  13              		.file	"syscalls.c"
  14              	@ GNU C11 (GNU Tools for ARM Embedded Processors) version 5.2.1 20151202 (release) [ARM/embedded-5-
  15              	@	compiled by GNU C version 4.7.4, GMP version 4.3.2, MPFR version 2.4.2, MPC version 0.8.1
  16              	@ GGC heuristics: --param ggc-min-expand=100 --param ggc-min-heapsize=131072
  17              	@ options passed:  -I . -I ./src -I ./cmsis_boot -I ./cmsis_core
  18              	@ -imultilib armv6-m
  19              	@ -iprefix /usr/local/sbin/gcc-arm-none-eabi-5_2-2015q4/bin/../lib/gcc/arm-none-eabi/5.2.1/
  20              	@ -isysroot /usr/local/sbin/gcc-arm-none-eabi-5_2-2015q4/bin/../arm-none-eabi
  21              	@ -D__USES_INITFINI__ -D STM32F030 cmsis_boot/syscalls/syscalls.c
  22              	@ -mcpu=cortex-m0 -mthumb -auxbase-strip cmsis_boot/syscalls/syscalls.o -g
  23              	@ -gdwarf-2 -O0 -Wall -fomit-frame-pointer -fdata-sections
  24              	@ -ffunction-sections -fverbose-asm
  25              	@ options enabled:  -faggressive-loop-optimizations -fauto-inc-dec
  26              	@ -fchkp-check-incomplete-type -fchkp-check-read -fchkp-check-write
  27              	@ -fchkp-instrument-calls -fchkp-narrow-bounds -fchkp-optimize
  28              	@ -fchkp-store-bounds -fchkp-use-static-bounds
  29              	@ -fchkp-use-static-const-bounds -fchkp-use-wrappers -fcommon
  30              	@ -fdata-sections -fdelete-null-pointer-checks -fdwarf2-cfi-asm
  31              	@ -fearly-inlining -feliminate-unused-debug-types -ffunction-cse
  32              	@ -ffunction-sections -fgcse-lm -fgnu-runtime -fgnu-unique -fident
  33              	@ -finline-atomics -fira-hoist-pressure -fira-share-save-slots
  34              	@ -fira-share-spill-slots -fivopts -fkeep-static-consts
  35              	@ -fleading-underscore -flifetime-dse -flto-odr-type-merging -fmath-errno
  36              	@ -fmerge-debug-strings -fomit-frame-pointer -fpeephole
  37              	@ -fprefetch-loop-arrays -freg-struct-return
  38              	@ -fsched-critical-path-heuristic -fsched-dep-count-heuristic
  39              	@ -fsched-group-heuristic -fsched-interblock -fsched-last-insn-heuristic
  40              	@ -fsched-rank-heuristic -fsched-spec -fsched-spec-insn-heuristic
  41              	@ -fsched-stalled-insns-dep -fsemantic-interposition -fshow-column
  42              	@ -fsigned-zeros -fsplit-ivs-in-unroller -fstdarg-opt
  43              	@ -fstrict-volatile-bitfields -fsync-libcalls -ftrapping-math
  44              	@ -ftree-coalesce-vars -ftree-cselim -ftree-forwprop -ftree-loop-if-convert
  45              	@ -ftree-loop-im -ftree-loop-ivcanon -ftree-loop-optimize
  46              	@ -ftree-parallelize-loops= -ftree-phiprop -ftree-reassoc -ftree-scev-cprop
  47              	@ -funit-at-a-time -fverbose-asm -fzero-initialized-in-bss -mlittle-endian
  48              	@ -mpic-data-is-text-relative -msched-prolog -mthumb
  49              	@ -mvectorize-with-neon-quad
  50              	
  51              		.text
  52              	.Ltext0:
  53              		.cfi_sections	.debug_frame
  54              		.section	.text._sbrk,"ax",%progbits
  55              		.align	2
  56              		.global	_sbrk
  57              		.code	16
ARM GAS  /tmp/ccKu63KU.s 			page 2


  58              		.thumb_func
  59              		.type	_sbrk, %function
  60              	_sbrk:
  61              	.LFB0:
  62              		.file 1 "cmsis_boot/syscalls/syscalls.c"
   1:cmsis_boot/syscalls/syscalls.c **** /**************************************************************************//*****
   2:cmsis_boot/syscalls/syscalls.c ****  * @file     stdio.c
   3:cmsis_boot/syscalls/syscalls.c ****  * @brief    Implementation of newlib syscall
   4:cmsis_boot/syscalls/syscalls.c ****  ********************************************************************************/
   5:cmsis_boot/syscalls/syscalls.c **** 
   6:cmsis_boot/syscalls/syscalls.c **** #include <stdio.h>
   7:cmsis_boot/syscalls/syscalls.c **** #include <stdarg.h>
   8:cmsis_boot/syscalls/syscalls.c **** #include <sys/types.h>
   9:cmsis_boot/syscalls/syscalls.c **** #include <sys/stat.h>
  10:cmsis_boot/syscalls/syscalls.c **** 
  11:cmsis_boot/syscalls/syscalls.c **** #undef errno
  12:cmsis_boot/syscalls/syscalls.c **** extern int errno;
  13:cmsis_boot/syscalls/syscalls.c **** extern int  _end;
  14:cmsis_boot/syscalls/syscalls.c **** 
  15:cmsis_boot/syscalls/syscalls.c **** __attribute__ ((used))
  16:cmsis_boot/syscalls/syscalls.c **** caddr_t _sbrk ( int incr )
  17:cmsis_boot/syscalls/syscalls.c **** {
  63              		.loc 1 17 0
  64              		.cfi_startproc
  65 0000 84B0     		sub	sp, sp, #16	@,,
  66              	.LCFI0:
  67              		.cfi_def_cfa_offset 16
  68 0002 0190     		str	r0, [sp, #4]	@ incr, incr
  18:cmsis_boot/syscalls/syscalls.c ****   static unsigned char *heap = NULL;
  19:cmsis_boot/syscalls/syscalls.c ****   unsigned char *prev_heap;
  20:cmsis_boot/syscalls/syscalls.c **** 
  21:cmsis_boot/syscalls/syscalls.c ****   if (heap == NULL) {
  69              		.loc 1 21 0
  70 0004 094B     		ldr	r3, .L4	@ tmp116,
  71 0006 1B68     		ldr	r3, [r3]	@ D.5367, heap
  72 0008 002B     		cmp	r3, #0	@ D.5367,
  73 000a 02D1     		bne	.L2	@,
  22:cmsis_boot/syscalls/syscalls.c ****     heap = (unsigned char *)&_end;
  74              		.loc 1 22 0
  75 000c 074B     		ldr	r3, .L4	@ tmp117,
  76 000e 084A     		ldr	r2, .L4+4	@ tmp118,
  77 0010 1A60     		str	r2, [r3]	@ tmp118, heap
  78              	.L2:
  23:cmsis_boot/syscalls/syscalls.c ****   }
  24:cmsis_boot/syscalls/syscalls.c ****   prev_heap = heap;
  79              		.loc 1 24 0
  80 0012 064B     		ldr	r3, .L4	@ tmp119,
  81 0014 1B68     		ldr	r3, [r3]	@ tmp120, heap
  82 0016 0393     		str	r3, [sp, #12]	@ tmp120, prev_heap
  25:cmsis_boot/syscalls/syscalls.c **** 
  26:cmsis_boot/syscalls/syscalls.c ****   heap += incr;
  83              		.loc 1 26 0
  84 0018 044B     		ldr	r3, .L4	@ tmp121,
  85 001a 1A68     		ldr	r2, [r3]	@ D.5367, heap
  86 001c 019B     		ldr	r3, [sp, #4]	@ D.5368, incr
  87 001e D218     		adds	r2, r2, r3	@ D.5367, D.5367, D.5368
  88 0020 024B     		ldr	r3, .L4	@ tmp122,
ARM GAS  /tmp/ccKu63KU.s 			page 3


  89 0022 1A60     		str	r2, [r3]	@ D.5367, heap
  27:cmsis_boot/syscalls/syscalls.c **** 
  28:cmsis_boot/syscalls/syscalls.c ****   return (caddr_t) prev_heap;
  90              		.loc 1 28 0
  91 0024 039B     		ldr	r3, [sp, #12]	@ D.5369, prev_heap
  29:cmsis_boot/syscalls/syscalls.c **** }
  92              		.loc 1 29 0
  93 0026 1800     		movs	r0, r3	@, <retval>
  94 0028 04B0     		add	sp, sp, #16	@,,
  95              		@ sp needed	@
  96 002a 7047     		bx	lr
  97              	.L5:
  98              		.align	2
  99              	.L4:
 100 002c 00000000 		.word	heap.5298
 101 0030 00000000 		.word	_end
 102              		.cfi_endproc
 103              	.LFE0:
 104              		.size	_sbrk, .-_sbrk
 105              		.section	.text.link,"ax",%progbits
 106              		.align	2
 107              		.global	link
 108              		.code	16
 109              		.thumb_func
 110              		.type	link, %function
 111              	link:
 112              	.LFB1:
  30:cmsis_boot/syscalls/syscalls.c **** 
  31:cmsis_boot/syscalls/syscalls.c **** __attribute__ ((used))
  32:cmsis_boot/syscalls/syscalls.c **** int link(char *old, char *new) {
 113              		.loc 1 32 0
 114              		.cfi_startproc
 115 0000 82B0     		sub	sp, sp, #8	@,,
 116              	.LCFI1:
 117              		.cfi_def_cfa_offset 8
 118 0002 0190     		str	r0, [sp, #4]	@ old, old
 119 0004 0091     		str	r1, [sp]	@ new, new
  33:cmsis_boot/syscalls/syscalls.c **** return -1;
 120              		.loc 1 33 0
 121 0006 0123     		movs	r3, #1	@ tmp113,
 122 0008 5B42     		rsbs	r3, r3, #0	@ D.5370, tmp113
  34:cmsis_boot/syscalls/syscalls.c **** }
 123              		.loc 1 34 0
 124 000a 1800     		movs	r0, r3	@, <retval>
 125 000c 02B0     		add	sp, sp, #8	@,,
 126              		@ sp needed	@
 127 000e 7047     		bx	lr
 128              		.cfi_endproc
 129              	.LFE1:
 130              		.size	link, .-link
 131              		.section	.text._close,"ax",%progbits
 132              		.align	2
 133              		.global	_close
 134              		.code	16
 135              		.thumb_func
 136              		.type	_close, %function
 137              	_close:
ARM GAS  /tmp/ccKu63KU.s 			page 4


 138              	.LFB2:
  35:cmsis_boot/syscalls/syscalls.c **** 
  36:cmsis_boot/syscalls/syscalls.c **** __attribute__ ((used))
  37:cmsis_boot/syscalls/syscalls.c **** int _close(int file)
  38:cmsis_boot/syscalls/syscalls.c **** {
 139              		.loc 1 38 0
 140              		.cfi_startproc
 141 0000 82B0     		sub	sp, sp, #8	@,,
 142              	.LCFI2:
 143              		.cfi_def_cfa_offset 8
 144 0002 0190     		str	r0, [sp, #4]	@ file, file
  39:cmsis_boot/syscalls/syscalls.c ****   return -1;
 145              		.loc 1 39 0
 146 0004 0123     		movs	r3, #1	@ tmp113,
 147 0006 5B42     		rsbs	r3, r3, #0	@ D.5371, tmp113
  40:cmsis_boot/syscalls/syscalls.c **** }
 148              		.loc 1 40 0
 149 0008 1800     		movs	r0, r3	@, <retval>
 150 000a 02B0     		add	sp, sp, #8	@,,
 151              		@ sp needed	@
 152 000c 7047     		bx	lr
 153              		.cfi_endproc
 154              	.LFE2:
 155              		.size	_close, .-_close
 156              		.section	.text._fstat,"ax",%progbits
 157              		.align	2
 158              		.global	_fstat
 159              		.code	16
 160              		.thumb_func
 161              		.type	_fstat, %function
 162              	_fstat:
 163              	.LFB3:
  41:cmsis_boot/syscalls/syscalls.c **** 
  42:cmsis_boot/syscalls/syscalls.c **** __attribute__ ((used))
  43:cmsis_boot/syscalls/syscalls.c **** int _fstat(int file, struct stat *st)
  44:cmsis_boot/syscalls/syscalls.c **** {
 164              		.loc 1 44 0
 165              		.cfi_startproc
 166 0000 82B0     		sub	sp, sp, #8	@,,
 167              	.LCFI3:
 168              		.cfi_def_cfa_offset 8
 169 0002 0190     		str	r0, [sp, #4]	@ file, file
 170 0004 0091     		str	r1, [sp]	@ st, st
  45:cmsis_boot/syscalls/syscalls.c ****   st->st_mode = S_IFCHR;
 171              		.loc 1 45 0
 172 0006 009B     		ldr	r3, [sp]	@ tmp112, st
 173 0008 8022     		movs	r2, #128	@ tmp115,
 174 000a 9201     		lsls	r2, r2, #6	@ tmp113, tmp115,
 175 000c 5A60     		str	r2, [r3, #4]	@ tmp113, st_2(D)->st_mode
  46:cmsis_boot/syscalls/syscalls.c ****   return 0;
 176              		.loc 1 46 0
 177 000e 0023     		movs	r3, #0	@ D.5372,
  47:cmsis_boot/syscalls/syscalls.c **** }
 178              		.loc 1 47 0
 179 0010 1800     		movs	r0, r3	@, <retval>
 180 0012 02B0     		add	sp, sp, #8	@,,
 181              		@ sp needed	@
ARM GAS  /tmp/ccKu63KU.s 			page 5


 182 0014 7047     		bx	lr
 183              		.cfi_endproc
 184              	.LFE3:
 185              		.size	_fstat, .-_fstat
 186 0016 C046     		.section	.text._isatty,"ax",%progbits
 187              		.align	2
 188              		.global	_isatty
 189              		.code	16
 190              		.thumb_func
 191              		.type	_isatty, %function
 192              	_isatty:
 193              	.LFB4:
  48:cmsis_boot/syscalls/syscalls.c **** 
  49:cmsis_boot/syscalls/syscalls.c **** __attribute__ ((used))
  50:cmsis_boot/syscalls/syscalls.c **** int _isatty(int file)
  51:cmsis_boot/syscalls/syscalls.c **** {
 194              		.loc 1 51 0
 195              		.cfi_startproc
 196 0000 82B0     		sub	sp, sp, #8	@,,
 197              	.LCFI4:
 198              		.cfi_def_cfa_offset 8
 199 0002 0190     		str	r0, [sp, #4]	@ file, file
  52:cmsis_boot/syscalls/syscalls.c ****   return 1;
 200              		.loc 1 52 0
 201 0004 0123     		movs	r3, #1	@ D.5373,
  53:cmsis_boot/syscalls/syscalls.c **** }
 202              		.loc 1 53 0
 203 0006 1800     		movs	r0, r3	@, <retval>
 204 0008 02B0     		add	sp, sp, #8	@,,
 205              		@ sp needed	@
 206 000a 7047     		bx	lr
 207              		.cfi_endproc
 208              	.LFE4:
 209              		.size	_isatty, .-_isatty
 210              		.section	.text._lseek,"ax",%progbits
 211              		.align	2
 212              		.global	_lseek
 213              		.code	16
 214              		.thumb_func
 215              		.type	_lseek, %function
 216              	_lseek:
 217              	.LFB5:
  54:cmsis_boot/syscalls/syscalls.c **** 
  55:cmsis_boot/syscalls/syscalls.c **** __attribute__ ((used))
  56:cmsis_boot/syscalls/syscalls.c **** int _lseek(int file, int ptr, int dir)
  57:cmsis_boot/syscalls/syscalls.c **** {
 218              		.loc 1 57 0
 219              		.cfi_startproc
 220 0000 84B0     		sub	sp, sp, #16	@,,
 221              	.LCFI5:
 222              		.cfi_def_cfa_offset 16
 223 0002 0390     		str	r0, [sp, #12]	@ file, file
 224 0004 0291     		str	r1, [sp, #8]	@ ptr, ptr
 225 0006 0192     		str	r2, [sp, #4]	@ dir, dir
  58:cmsis_boot/syscalls/syscalls.c ****   return 0;
 226              		.loc 1 58 0
 227 0008 0023     		movs	r3, #0	@ D.5374,
ARM GAS  /tmp/ccKu63KU.s 			page 6


  59:cmsis_boot/syscalls/syscalls.c **** }
 228              		.loc 1 59 0
 229 000a 1800     		movs	r0, r3	@, <retval>
 230 000c 04B0     		add	sp, sp, #16	@,,
 231              		@ sp needed	@
 232 000e 7047     		bx	lr
 233              		.cfi_endproc
 234              	.LFE5:
 235              		.size	_lseek, .-_lseek
 236              		.section	.text._read,"ax",%progbits
 237              		.align	2
 238              		.global	_read
 239              		.code	16
 240              		.thumb_func
 241              		.type	_read, %function
 242              	_read:
 243              	.LFB6:
  60:cmsis_boot/syscalls/syscalls.c **** __attribute__ ((used))
  61:cmsis_boot/syscalls/syscalls.c **** int _read(int file, char *ptr, int len)
  62:cmsis_boot/syscalls/syscalls.c **** {
 244              		.loc 1 62 0
 245              		.cfi_startproc
 246 0000 84B0     		sub	sp, sp, #16	@,,
 247              	.LCFI6:
 248              		.cfi_def_cfa_offset 16
 249 0002 0390     		str	r0, [sp, #12]	@ file, file
 250 0004 0291     		str	r1, [sp, #8]	@ ptr, ptr
 251 0006 0192     		str	r2, [sp, #4]	@ len, len
  63:cmsis_boot/syscalls/syscalls.c ****   return 0;
 252              		.loc 1 63 0
 253 0008 0023     		movs	r3, #0	@ D.5375,
  64:cmsis_boot/syscalls/syscalls.c **** }
 254              		.loc 1 64 0
 255 000a 1800     		movs	r0, r3	@, <retval>
 256 000c 04B0     		add	sp, sp, #16	@,,
 257              		@ sp needed	@
 258 000e 7047     		bx	lr
 259              		.cfi_endproc
 260              	.LFE6:
 261              		.size	_read, .-_read
 262              		.section	.text._write,"ax",%progbits
 263              		.align	2
 264              		.global	_write
 265              		.code	16
 266              		.thumb_func
 267              		.type	_write, %function
 268              	_write:
 269              	.LFB7:
  65:cmsis_boot/syscalls/syscalls.c **** __attribute__ ((used))
  66:cmsis_boot/syscalls/syscalls.c **** int _write(int file, char *ptr, int len)
  67:cmsis_boot/syscalls/syscalls.c **** {
 270              		.loc 1 67 0
 271              		.cfi_startproc
 272 0000 84B0     		sub	sp, sp, #16	@,,
 273              	.LCFI7:
 274              		.cfi_def_cfa_offset 16
 275 0002 0390     		str	r0, [sp, #12]	@ file, file
ARM GAS  /tmp/ccKu63KU.s 			page 7


 276 0004 0291     		str	r1, [sp, #8]	@ ptr, ptr
 277 0006 0192     		str	r2, [sp, #4]	@ len, len
  68:cmsis_boot/syscalls/syscalls.c ****   return len;
 278              		.loc 1 68 0
 279 0008 019B     		ldr	r3, [sp, #4]	@ D.5376, len
  69:cmsis_boot/syscalls/syscalls.c **** }
 280              		.loc 1 69 0
 281 000a 1800     		movs	r0, r3	@, <retval>
 282 000c 04B0     		add	sp, sp, #16	@,,
 283              		@ sp needed	@
 284 000e 7047     		bx	lr
 285              		.cfi_endproc
 286              	.LFE7:
 287              		.size	_write, .-_write
 288              		.section	.text.abort,"ax",%progbits
 289              		.align	2
 290              		.global	abort
 291              		.code	16
 292              		.thumb_func
 293              		.type	abort, %function
 294              	abort:
 295              	.LFB8:
  70:cmsis_boot/syscalls/syscalls.c **** 
  71:cmsis_boot/syscalls/syscalls.c **** __attribute__ ((used))
  72:cmsis_boot/syscalls/syscalls.c **** void abort(void)
  73:cmsis_boot/syscalls/syscalls.c **** {
 296              		.loc 1 73 0
 297              		.cfi_startproc
 298              	.L21:
  74:cmsis_boot/syscalls/syscalls.c ****   /* Abort called */
  75:cmsis_boot/syscalls/syscalls.c ****   while(1);
 299              		.loc 1 75 0 discriminator 1
 300 0000 FEE7     		b	.L21	@
 301              		.cfi_endproc
 302              	.LFE8:
 303              		.size	abort, .-abort
 304 0002 C046     		.section	.bss.heap.5298,"aw",%nobits
 305              		.align	2
 306              		.type	heap.5298, %object
 307              		.size	heap.5298, 4
 308              	heap.5298:
 309 0000 00000000 		.space	4
 310              		.text
 311              	.Letext0:
 312              		.file 2 "/usr/local/sbin/gcc-arm-none-eabi-5_2-2015q4/arm-none-eabi/include/sys/_types.h"
 313              		.file 3 "/usr/local/sbin/gcc-arm-none-eabi-5_2-2015q4/arm-none-eabi/include/sys/_timeval.h"
 314              		.file 4 "/usr/local/sbin/gcc-arm-none-eabi-5_2-2015q4/arm-none-eabi/include/sys/types.h"
 315              		.file 5 "/usr/local/sbin/gcc-arm-none-eabi-5_2-2015q4/arm-none-eabi/include/sys/stat.h"
 316              		.section	.debug_info,"",%progbits
 317              	.Ldebug_info0:
 318 0000 46040000 		.4byte	0x446
 319 0004 0200     		.2byte	0x2
 320 0006 00000000 		.4byte	.Ldebug_abbrev0
 321 000a 04       		.byte	0x4
 322 000b 01       		.uleb128 0x1
 323 000c 25020000 		.4byte	.LASF54
 324 0010 0C       		.byte	0xc
ARM GAS  /tmp/ccKu63KU.s 			page 8


 325 0011 08000000 		.4byte	.LASF55
 326 0015 60010000 		.4byte	.LASF56
 327 0019 00000000 		.4byte	.Ldebug_ranges0+0
 328 001d 00000000 		.4byte	0
 329 0021 00000000 		.4byte	0
 330 0025 00000000 		.4byte	.Ldebug_line0
 331 0029 02       		.uleb128 0x2
 332 002a 01       		.byte	0x1
 333 002b 06       		.byte	0x6
 334 002c 5B000000 		.4byte	.LASF0
 335 0030 02       		.uleb128 0x2
 336 0031 01       		.byte	0x1
 337 0032 08       		.byte	0x8
 338 0033 B7010000 		.4byte	.LASF1
 339 0037 02       		.uleb128 0x2
 340 0038 02       		.byte	0x2
 341 0039 05       		.byte	0x5
 342 003a C5010000 		.4byte	.LASF2
 343 003e 02       		.uleb128 0x2
 344 003f 02       		.byte	0x2
 345 0040 07       		.byte	0x7
 346 0041 0B010000 		.4byte	.LASF3
 347 0045 02       		.uleb128 0x2
 348 0046 04       		.byte	0x4
 349 0047 05       		.byte	0x5
 350 0048 6E000000 		.4byte	.LASF4
 351 004c 02       		.uleb128 0x2
 352 004d 04       		.byte	0x4
 353 004e 07       		.byte	0x7
 354 004f F3000000 		.4byte	.LASF5
 355 0053 02       		.uleb128 0x2
 356 0054 08       		.byte	0x8
 357 0055 05       		.byte	0x5
 358 0056 4D000000 		.4byte	.LASF6
 359 005a 02       		.uleb128 0x2
 360 005b 08       		.byte	0x8
 361 005c 07       		.byte	0x7
 362 005d 27000000 		.4byte	.LASF7
 363 0061 03       		.uleb128 0x3
 364 0062 04       		.byte	0x4
 365 0063 05       		.byte	0x5
 366 0064 696E7400 		.ascii	"int\000"
 367 0068 02       		.uleb128 0x2
 368 0069 04       		.byte	0x4
 369 006a 07       		.byte	0x7
 370 006b DF000000 		.4byte	.LASF8
 371 006f 02       		.uleb128 0x2
 372 0070 08       		.byte	0x8
 373 0071 04       		.byte	0x4
 374 0072 54010000 		.4byte	.LASF9
 375 0076 04       		.uleb128 0x4
 376 0077 8F010000 		.4byte	.LASF10
 377 007b 02       		.byte	0x2
 378 007c 10       		.byte	0x10
 379 007d 45000000 		.4byte	0x45
 380 0081 04       		.uleb128 0x4
 381 0082 A8000000 		.4byte	.LASF11
ARM GAS  /tmp/ccKu63KU.s 			page 9


 382 0086 02       		.byte	0x2
 383 0087 14       		.byte	0x14
 384 0088 37000000 		.4byte	0x37
 385 008c 04       		.uleb128 0x4
 386 008d 08020000 		.4byte	.LASF12
 387 0091 02       		.byte	0x2
 388 0092 18       		.byte	0x18
 389 0093 3E000000 		.4byte	0x3e
 390 0097 04       		.uleb128 0x4
 391 0098 00000000 		.4byte	.LASF13
 392 009c 02       		.byte	0x2
 393 009d 1B       		.byte	0x1b
 394 009e 3E000000 		.4byte	0x3e
 395 00a2 02       		.uleb128 0x2
 396 00a3 04       		.byte	0x4
 397 00a4 07       		.byte	0x7
 398 00a5 4B010000 		.4byte	.LASF14
 399 00a9 05       		.uleb128 0x5
 400 00aa 04       		.byte	0x4
 401 00ab 30000000 		.4byte	0x30
 402 00af 05       		.uleb128 0x5
 403 00b0 04       		.byte	0x4
 404 00b1 B5000000 		.4byte	0xb5
 405 00b5 02       		.uleb128 0x2
 406 00b6 01       		.byte	0x1
 407 00b7 08       		.byte	0x8
 408 00b8 FD010000 		.4byte	.LASF15
 409 00bc 04       		.uleb128 0x4
 410 00bd 9C010000 		.4byte	.LASF16
 411 00c1 03       		.byte	0x3
 412 00c2 28       		.byte	0x28
 413 00c3 45000000 		.4byte	0x45
 414 00c7 04       		.uleb128 0x4
 415 00c8 ED010000 		.4byte	.LASF17
 416 00cc 04       		.byte	0x4
 417 00cd 87       		.byte	0x87
 418 00ce AF000000 		.4byte	0xaf
 419 00d2 04       		.uleb128 0x4
 420 00d3 DF020000 		.4byte	.LASF18
 421 00d7 04       		.byte	0x4
 422 00d8 90       		.byte	0x90
 423 00d9 3E000000 		.4byte	0x3e
 424 00dd 04       		.uleb128 0x4
 425 00de 8D000000 		.4byte	.LASF19
 426 00e2 04       		.byte	0x4
 427 00e3 AD       		.byte	0xad
 428 00e4 76000000 		.4byte	0x76
 429 00e8 04       		.uleb128 0x4
 430 00e9 96010000 		.4byte	.LASF20
 431 00ed 04       		.byte	0x4
 432 00ee AE       		.byte	0xae
 433 00ef 81000000 		.4byte	0x81
 434 00f3 04       		.uleb128 0x4
 435 00f4 05010000 		.4byte	.LASF21
 436 00f8 04       		.byte	0x4
 437 00f9 AF       		.byte	0xaf
 438 00fa 8C000000 		.4byte	0x8c
ARM GAS  /tmp/ccKu63KU.s 			page 10


 439 00fe 04       		.uleb128 0x4
 440 00ff 93000000 		.4byte	.LASF22
 441 0103 04       		.byte	0x4
 442 0104 B0       		.byte	0xb0
 443 0105 97000000 		.4byte	0x97
 444 0109 04       		.uleb128 0x4
 445 010a 17020000 		.4byte	.LASF23
 446 010e 04       		.byte	0x4
 447 010f CE       		.byte	0xce
 448 0110 68000000 		.4byte	0x68
 449 0114 04       		.uleb128 0x4
 450 0115 85000000 		.4byte	.LASF24
 451 0119 04       		.byte	0x4
 452 011a D3       		.byte	0xd3
 453 011b 3E000000 		.4byte	0x3e
 454 011f 06       		.uleb128 0x6
 455 0120 48000000 		.4byte	.LASF57
 456 0124 3C       		.byte	0x3c
 457 0125 05       		.byte	0x5
 458 0126 1B       		.byte	0x1b
 459 0127 1A020000 		.4byte	0x21a
 460 012b 07       		.uleb128 0x7
 461 012c 1E020000 		.4byte	.LASF25
 462 0130 05       		.byte	0x5
 463 0131 1D       		.byte	0x1d
 464 0132 E8000000 		.4byte	0xe8
 465 0136 02       		.byte	0x2
 466 0137 23       		.byte	0x23
 467 0138 00       		.uleb128 0
 468 0139 07       		.uleb128 0x7
 469 013a 67000000 		.4byte	.LASF26
 470 013e 05       		.byte	0x5
 471 013f 1E       		.byte	0x1e
 472 0140 D2000000 		.4byte	0xd2
 473 0144 02       		.byte	0x2
 474 0145 23       		.byte	0x23
 475 0146 02       		.uleb128 0x2
 476 0147 07       		.uleb128 0x7
 477 0148 43010000 		.4byte	.LASF27
 478 014c 05       		.byte	0x5
 479 014d 1F       		.byte	0x1f
 480 014e 09010000 		.4byte	0x109
 481 0152 02       		.byte	0x2
 482 0153 23       		.byte	0x23
 483 0154 04       		.uleb128 0x4
 484 0155 07       		.uleb128 0x7
 485 0156 AE010000 		.4byte	.LASF28
 486 015a 05       		.byte	0x5
 487 015b 20       		.byte	0x20
 488 015c 14010000 		.4byte	0x114
 489 0160 02       		.byte	0x2
 490 0161 23       		.byte	0x23
 491 0162 08       		.uleb128 0x8
 492 0163 07       		.uleb128 0x7
 493 0164 B0000000 		.4byte	.LASF29
 494 0168 05       		.byte	0x5
 495 0169 21       		.byte	0x21
ARM GAS  /tmp/ccKu63KU.s 			page 11


 496 016a F3000000 		.4byte	0xf3
 497 016e 02       		.byte	0x2
 498 016f 23       		.byte	0x23
 499 0170 0A       		.uleb128 0xa
 500 0171 07       		.uleb128 0x7
 501 0172 10020000 		.4byte	.LASF30
 502 0176 05       		.byte	0x5
 503 0177 22       		.byte	0x22
 504 0178 FE000000 		.4byte	0xfe
 505 017c 02       		.byte	0x2
 506 017d 23       		.byte	0x23
 507 017e 0C       		.uleb128 0xc
 508 017f 07       		.uleb128 0x7
 509 0180 F5010000 		.4byte	.LASF31
 510 0184 05       		.byte	0x5
 511 0185 23       		.byte	0x23
 512 0186 E8000000 		.4byte	0xe8
 513 018a 02       		.byte	0x2
 514 018b 23       		.byte	0x23
 515 018c 0E       		.uleb128 0xe
 516 018d 07       		.uleb128 0x7
 517 018e 34010000 		.4byte	.LASF32
 518 0192 05       		.byte	0x5
 519 0193 24       		.byte	0x24
 520 0194 DD000000 		.4byte	0xdd
 521 0198 02       		.byte	0x2
 522 0199 23       		.byte	0x23
 523 019a 10       		.uleb128 0x10
 524 019b 07       		.uleb128 0x7
 525 019c 2B010000 		.4byte	.LASF33
 526 01a0 05       		.byte	0x5
 527 01a1 32       		.byte	0x32
 528 01a2 BC000000 		.4byte	0xbc
 529 01a6 02       		.byte	0x2
 530 01a7 23       		.byte	0x23
 531 01a8 14       		.uleb128 0x14
 532 01a9 07       		.uleb128 0x7
 533 01aa B7000000 		.4byte	.LASF34
 534 01ae 05       		.byte	0x5
 535 01af 33       		.byte	0x33
 536 01b0 45000000 		.4byte	0x45
 537 01b4 02       		.byte	0x2
 538 01b5 23       		.byte	0x23
 539 01b6 18       		.uleb128 0x18
 540 01b7 07       		.uleb128 0x7
 541 01b8 D0020000 		.4byte	.LASF35
 542 01bc 05       		.byte	0x5
 543 01bd 34       		.byte	0x34
 544 01be BC000000 		.4byte	0xbc
 545 01c2 02       		.byte	0x2
 546 01c3 23       		.byte	0x23
 547 01c4 1C       		.uleb128 0x1c
 548 01c5 07       		.uleb128 0x7
 549 01c6 C1000000 		.4byte	.LASF36
 550 01ca 05       		.byte	0x5
 551 01cb 35       		.byte	0x35
 552 01cc 45000000 		.4byte	0x45
ARM GAS  /tmp/ccKu63KU.s 			page 12


 553 01d0 02       		.byte	0x2
 554 01d1 23       		.byte	0x23
 555 01d2 20       		.uleb128 0x20
 556 01d3 07       		.uleb128 0x7
 557 01d4 DA010000 		.4byte	.LASF37
 558 01d8 05       		.byte	0x5
 559 01d9 36       		.byte	0x36
 560 01da BC000000 		.4byte	0xbc
 561 01de 02       		.byte	0x2
 562 01df 23       		.byte	0x23
 563 01e0 24       		.uleb128 0x24
 564 01e1 07       		.uleb128 0x7
 565 01e2 CB000000 		.4byte	.LASF38
 566 01e6 05       		.byte	0x5
 567 01e7 37       		.byte	0x37
 568 01e8 45000000 		.4byte	0x45
 569 01ec 02       		.byte	0x2
 570 01ed 23       		.byte	0x23
 571 01ee 28       		.uleb128 0x28
 572 01ef 07       		.uleb128 0x7
 573 01f0 CF010000 		.4byte	.LASF39
 574 01f4 05       		.byte	0x5
 575 01f5 38       		.byte	0x38
 576 01f6 45000000 		.4byte	0x45
 577 01fa 02       		.byte	0x2
 578 01fb 23       		.byte	0x23
 579 01fc 2C       		.uleb128 0x2c
 580 01fd 07       		.uleb128 0x7
 581 01fe 3E000000 		.4byte	.LASF40
 582 0202 05       		.byte	0x5
 583 0203 39       		.byte	0x39
 584 0204 45000000 		.4byte	0x45
 585 0208 02       		.byte	0x2
 586 0209 23       		.byte	0x23
 587 020a 30       		.uleb128 0x30
 588 020b 07       		.uleb128 0x7
 589 020c D5000000 		.4byte	.LASF41
 590 0210 05       		.byte	0x5
 591 0211 3A       		.byte	0x3a
 592 0212 1A020000 		.4byte	0x21a
 593 0216 02       		.byte	0x2
 594 0217 23       		.byte	0x23
 595 0218 34       		.uleb128 0x34
 596 0219 00       		.byte	0
 597 021a 08       		.uleb128 0x8
 598 021b 45000000 		.4byte	0x45
 599 021f 2A020000 		.4byte	0x22a
 600 0223 09       		.uleb128 0x9
 601 0224 A2000000 		.4byte	0xa2
 602 0228 01       		.byte	0x1
 603 0229 00       		.byte	0
 604 022a 0A       		.uleb128 0xa
 605 022b 01       		.byte	0x1
 606 022c D9020000 		.4byte	.LASF44
 607 0230 01       		.byte	0x1
 608 0231 10       		.byte	0x10
 609 0232 01       		.byte	0x1
ARM GAS  /tmp/ccKu63KU.s 			page 13


 610 0233 C7000000 		.4byte	0xc7
 611 0237 00000000 		.4byte	.LFB0
 612 023b 34000000 		.4byte	.LFE0
 613 023f 00000000 		.4byte	.LLST0
 614 0243 01       		.byte	0x1
 615 0244 76020000 		.4byte	0x276
 616 0248 0B       		.uleb128 0xb
 617 0249 99000000 		.4byte	.LASF46
 618 024d 01       		.byte	0x1
 619 024e 10       		.byte	0x10
 620 024f 61000000 		.4byte	0x61
 621 0253 02       		.byte	0x2
 622 0254 91       		.byte	0x91
 623 0255 74       		.sleb128 -12
 624 0256 0C       		.uleb128 0xc
 625 0257 9E000000 		.4byte	.LASF42
 626 025b 01       		.byte	0x1
 627 025c 12       		.byte	0x12
 628 025d A9000000 		.4byte	0xa9
 629 0261 05       		.byte	0x5
 630 0262 03       		.byte	0x3
 631 0263 00000000 		.4byte	heap.5298
 632 0267 0C       		.uleb128 0xc
 633 0268 E3010000 		.4byte	.LASF43
 634 026c 01       		.byte	0x1
 635 026d 13       		.byte	0x13
 636 026e A9000000 		.4byte	0xa9
 637 0272 02       		.byte	0x2
 638 0273 91       		.byte	0x91
 639 0274 7C       		.sleb128 -4
 640 0275 00       		.byte	0
 641 0276 0A       		.uleb128 0xa
 642 0277 01       		.byte	0x1
 643 0278 A3000000 		.4byte	.LASF45
 644 027c 01       		.byte	0x1
 645 027d 20       		.byte	0x20
 646 027e 01       		.byte	0x1
 647 027f 61000000 		.4byte	0x61
 648 0283 00000000 		.4byte	.LFB1
 649 0287 10000000 		.4byte	.LFE1
 650 028b 20000000 		.4byte	.LLST1
 651 028f 01       		.byte	0x1
 652 0290 B1020000 		.4byte	0x2b1
 653 0294 0D       		.uleb128 0xd
 654 0295 6F6C6400 		.ascii	"old\000"
 655 0299 01       		.byte	0x1
 656 029a 20       		.byte	0x20
 657 029b AF000000 		.4byte	0xaf
 658 029f 02       		.byte	0x2
 659 02a0 91       		.byte	0x91
 660 02a1 7C       		.sleb128 -4
 661 02a2 0D       		.uleb128 0xd
 662 02a3 6E657700 		.ascii	"new\000"
 663 02a7 01       		.byte	0x1
 664 02a8 20       		.byte	0x20
 665 02a9 AF000000 		.4byte	0xaf
 666 02ad 02       		.byte	0x2
ARM GAS  /tmp/ccKu63KU.s 			page 14


 667 02ae 91       		.byte	0x91
 668 02af 78       		.sleb128 -8
 669 02b0 00       		.byte	0
 670 02b1 0A       		.uleb128 0xa
 671 02b2 01       		.byte	0x1
 672 02b3 EC000000 		.4byte	.LASF47
 673 02b7 01       		.byte	0x1
 674 02b8 25       		.byte	0x25
 675 02b9 01       		.byte	0x1
 676 02ba 61000000 		.4byte	0x61
 677 02be 00000000 		.4byte	.LFB2
 678 02c2 0E000000 		.4byte	.LFE2
 679 02c6 40000000 		.4byte	.LLST2
 680 02ca 01       		.byte	0x1
 681 02cb DE020000 		.4byte	0x2de
 682 02cf 0B       		.uleb128 0xb
 683 02d0 A3010000 		.4byte	.LASF48
 684 02d4 01       		.byte	0x1
 685 02d5 25       		.byte	0x25
 686 02d6 61000000 		.4byte	0x61
 687 02da 02       		.byte	0x2
 688 02db 91       		.byte	0x91
 689 02dc 7C       		.sleb128 -4
 690 02dd 00       		.byte	0
 691 02de 0A       		.uleb128 0xa
 692 02df 01       		.byte	0x1
 693 02e0 7E000000 		.4byte	.LASF49
 694 02e4 01       		.byte	0x1
 695 02e5 2B       		.byte	0x2b
 696 02e6 01       		.byte	0x1
 697 02e7 61000000 		.4byte	0x61
 698 02eb 00000000 		.4byte	.LFB3
 699 02ef 16000000 		.4byte	.LFE3
 700 02f3 60000000 		.4byte	.LLST3
 701 02f7 01       		.byte	0x1
 702 02f8 18030000 		.4byte	0x318
 703 02fc 0B       		.uleb128 0xb
 704 02fd A3010000 		.4byte	.LASF48
 705 0301 01       		.byte	0x1
 706 0302 2B       		.byte	0x2b
 707 0303 61000000 		.4byte	0x61
 708 0307 02       		.byte	0x2
 709 0308 91       		.byte	0x91
 710 0309 7C       		.sleb128 -4
 711 030a 0D       		.uleb128 0xd
 712 030b 737400   		.ascii	"st\000"
 713 030e 01       		.byte	0x1
 714 030f 2B       		.byte	0x2b
 715 0310 18030000 		.4byte	0x318
 716 0314 02       		.byte	0x2
 717 0315 91       		.byte	0x91
 718 0316 78       		.sleb128 -8
 719 0317 00       		.byte	0
 720 0318 05       		.uleb128 0x5
 721 0319 04       		.byte	0x4
 722 031a 1F010000 		.4byte	0x11f
 723 031e 0A       		.uleb128 0xa
ARM GAS  /tmp/ccKu63KU.s 			page 15


 724 031f 01       		.byte	0x1
 725 0320 23010000 		.4byte	.LASF50
 726 0324 01       		.byte	0x1
 727 0325 32       		.byte	0x32
 728 0326 01       		.byte	0x1
 729 0327 61000000 		.4byte	0x61
 730 032b 00000000 		.4byte	.LFB4
 731 032f 0C000000 		.4byte	.LFE4
 732 0333 80000000 		.4byte	.LLST4
 733 0337 01       		.byte	0x1
 734 0338 4B030000 		.4byte	0x34b
 735 033c 0B       		.uleb128 0xb
 736 033d A3010000 		.4byte	.LASF48
 737 0341 01       		.byte	0x1
 738 0342 32       		.byte	0x32
 739 0343 61000000 		.4byte	0x61
 740 0347 02       		.byte	0x2
 741 0348 91       		.byte	0x91
 742 0349 7C       		.sleb128 -4
 743 034a 00       		.byte	0
 744 034b 0A       		.uleb128 0xa
 745 034c 01       		.byte	0x1
 746 034d 77000000 		.4byte	.LASF51
 747 0351 01       		.byte	0x1
 748 0352 38       		.byte	0x38
 749 0353 01       		.byte	0x1
 750 0354 61000000 		.4byte	0x61
 751 0358 00000000 		.4byte	.LFB5
 752 035c 10000000 		.4byte	.LFE5
 753 0360 A0000000 		.4byte	.LLST5
 754 0364 01       		.byte	0x1
 755 0365 94030000 		.4byte	0x394
 756 0369 0B       		.uleb128 0xb
 757 036a A3010000 		.4byte	.LASF48
 758 036e 01       		.byte	0x1
 759 036f 38       		.byte	0x38
 760 0370 61000000 		.4byte	0x61
 761 0374 02       		.byte	0x2
 762 0375 91       		.byte	0x91
 763 0376 7C       		.sleb128 -4
 764 0377 0D       		.uleb128 0xd
 765 0378 70747200 		.ascii	"ptr\000"
 766 037c 01       		.byte	0x1
 767 037d 38       		.byte	0x38
 768 037e 61000000 		.4byte	0x61
 769 0382 02       		.byte	0x2
 770 0383 91       		.byte	0x91
 771 0384 78       		.sleb128 -8
 772 0385 0D       		.uleb128 0xd
 773 0386 64697200 		.ascii	"dir\000"
 774 038a 01       		.byte	0x1
 775 038b 38       		.byte	0x38
 776 038c 61000000 		.4byte	0x61
 777 0390 02       		.byte	0x2
 778 0391 91       		.byte	0x91
 779 0392 74       		.sleb128 -12
 780 0393 00       		.byte	0
ARM GAS  /tmp/ccKu63KU.s 			page 16


 781 0394 0A       		.uleb128 0xa
 782 0395 01       		.byte	0x1
 783 0396 A8010000 		.4byte	.LASF52
 784 039a 01       		.byte	0x1
 785 039b 3D       		.byte	0x3d
 786 039c 01       		.byte	0x1
 787 039d 61000000 		.4byte	0x61
 788 03a1 00000000 		.4byte	.LFB6
 789 03a5 10000000 		.4byte	.LFE6
 790 03a9 C0000000 		.4byte	.LLST6
 791 03ad 01       		.byte	0x1
 792 03ae DD030000 		.4byte	0x3dd
 793 03b2 0B       		.uleb128 0xb
 794 03b3 A3010000 		.4byte	.LASF48
 795 03b7 01       		.byte	0x1
 796 03b8 3D       		.byte	0x3d
 797 03b9 61000000 		.4byte	0x61
 798 03bd 02       		.byte	0x2
 799 03be 91       		.byte	0x91
 800 03bf 7C       		.sleb128 -4
 801 03c0 0D       		.uleb128 0xd
 802 03c1 70747200 		.ascii	"ptr\000"
 803 03c5 01       		.byte	0x1
 804 03c6 3D       		.byte	0x3d
 805 03c7 AF000000 		.4byte	0xaf
 806 03cb 02       		.byte	0x2
 807 03cc 91       		.byte	0x91
 808 03cd 78       		.sleb128 -8
 809 03ce 0D       		.uleb128 0xd
 810 03cf 6C656E00 		.ascii	"len\000"
 811 03d3 01       		.byte	0x1
 812 03d4 3D       		.byte	0x3d
 813 03d5 61000000 		.4byte	0x61
 814 03d9 02       		.byte	0x2
 815 03da 91       		.byte	0x91
 816 03db 74       		.sleb128 -12
 817 03dc 00       		.byte	0
 818 03dd 0A       		.uleb128 0xa
 819 03de 01       		.byte	0x1
 820 03df 3C010000 		.4byte	.LASF53
 821 03e3 01       		.byte	0x1
 822 03e4 42       		.byte	0x42
 823 03e5 01       		.byte	0x1
 824 03e6 61000000 		.4byte	0x61
 825 03ea 00000000 		.4byte	.LFB7
 826 03ee 10000000 		.4byte	.LFE7
 827 03f2 E0000000 		.4byte	.LLST7
 828 03f6 01       		.byte	0x1
 829 03f7 26040000 		.4byte	0x426
 830 03fb 0B       		.uleb128 0xb
 831 03fc A3010000 		.4byte	.LASF48
 832 0400 01       		.byte	0x1
 833 0401 42       		.byte	0x42
 834 0402 61000000 		.4byte	0x61
 835 0406 02       		.byte	0x2
 836 0407 91       		.byte	0x91
 837 0408 7C       		.sleb128 -4
ARM GAS  /tmp/ccKu63KU.s 			page 17


 838 0409 0D       		.uleb128 0xd
 839 040a 70747200 		.ascii	"ptr\000"
 840 040e 01       		.byte	0x1
 841 040f 42       		.byte	0x42
 842 0410 AF000000 		.4byte	0xaf
 843 0414 02       		.byte	0x2
 844 0415 91       		.byte	0x91
 845 0416 78       		.sleb128 -8
 846 0417 0D       		.uleb128 0xd
 847 0418 6C656E00 		.ascii	"len\000"
 848 041c 01       		.byte	0x1
 849 041d 42       		.byte	0x42
 850 041e 61000000 		.4byte	0x61
 851 0422 02       		.byte	0x2
 852 0423 91       		.byte	0x91
 853 0424 74       		.sleb128 -12
 854 0425 00       		.byte	0
 855 0426 0E       		.uleb128 0xe
 856 0427 01       		.byte	0x1
 857 0428 02020000 		.4byte	.LASF58
 858 042c 01       		.byte	0x1
 859 042d 48       		.byte	0x48
 860 042e 01       		.byte	0x1
 861 042f 01       		.byte	0x1
 862 0430 00000000 		.4byte	.LFB8
 863 0434 02000000 		.4byte	.LFE8
 864 0438 02       		.byte	0x2
 865 0439 7D       		.byte	0x7d
 866 043a 00       		.sleb128 0
 867 043b 01       		.byte	0x1
 868 043c 0F       		.uleb128 0xf
 869 043d 1E010000 		.4byte	.LASF59
 870 0441 01       		.byte	0x1
 871 0442 0D       		.byte	0xd
 872 0443 61000000 		.4byte	0x61
 873 0447 01       		.byte	0x1
 874 0448 01       		.byte	0x1
 875 0449 00       		.byte	0
 876              		.section	.debug_abbrev,"",%progbits
 877              	.Ldebug_abbrev0:
 878 0000 01       		.uleb128 0x1
 879 0001 11       		.uleb128 0x11
 880 0002 01       		.byte	0x1
 881 0003 25       		.uleb128 0x25
 882 0004 0E       		.uleb128 0xe
 883 0005 13       		.uleb128 0x13
 884 0006 0B       		.uleb128 0xb
 885 0007 03       		.uleb128 0x3
 886 0008 0E       		.uleb128 0xe
 887 0009 1B       		.uleb128 0x1b
 888 000a 0E       		.uleb128 0xe
 889 000b 55       		.uleb128 0x55
 890 000c 06       		.uleb128 0x6
 891 000d 11       		.uleb128 0x11
 892 000e 01       		.uleb128 0x1
 893 000f 52       		.uleb128 0x52
 894 0010 01       		.uleb128 0x1
ARM GAS  /tmp/ccKu63KU.s 			page 18


 895 0011 10       		.uleb128 0x10
 896 0012 06       		.uleb128 0x6
 897 0013 00       		.byte	0
 898 0014 00       		.byte	0
 899 0015 02       		.uleb128 0x2
 900 0016 24       		.uleb128 0x24
 901 0017 00       		.byte	0
 902 0018 0B       		.uleb128 0xb
 903 0019 0B       		.uleb128 0xb
 904 001a 3E       		.uleb128 0x3e
 905 001b 0B       		.uleb128 0xb
 906 001c 03       		.uleb128 0x3
 907 001d 0E       		.uleb128 0xe
 908 001e 00       		.byte	0
 909 001f 00       		.byte	0
 910 0020 03       		.uleb128 0x3
 911 0021 24       		.uleb128 0x24
 912 0022 00       		.byte	0
 913 0023 0B       		.uleb128 0xb
 914 0024 0B       		.uleb128 0xb
 915 0025 3E       		.uleb128 0x3e
 916 0026 0B       		.uleb128 0xb
 917 0027 03       		.uleb128 0x3
 918 0028 08       		.uleb128 0x8
 919 0029 00       		.byte	0
 920 002a 00       		.byte	0
 921 002b 04       		.uleb128 0x4
 922 002c 16       		.uleb128 0x16
 923 002d 00       		.byte	0
 924 002e 03       		.uleb128 0x3
 925 002f 0E       		.uleb128 0xe
 926 0030 3A       		.uleb128 0x3a
 927 0031 0B       		.uleb128 0xb
 928 0032 3B       		.uleb128 0x3b
 929 0033 0B       		.uleb128 0xb
 930 0034 49       		.uleb128 0x49
 931 0035 13       		.uleb128 0x13
 932 0036 00       		.byte	0
 933 0037 00       		.byte	0
 934 0038 05       		.uleb128 0x5
 935 0039 0F       		.uleb128 0xf
 936 003a 00       		.byte	0
 937 003b 0B       		.uleb128 0xb
 938 003c 0B       		.uleb128 0xb
 939 003d 49       		.uleb128 0x49
 940 003e 13       		.uleb128 0x13
 941 003f 00       		.byte	0
 942 0040 00       		.byte	0
 943 0041 06       		.uleb128 0x6
 944 0042 13       		.uleb128 0x13
 945 0043 01       		.byte	0x1
 946 0044 03       		.uleb128 0x3
 947 0045 0E       		.uleb128 0xe
 948 0046 0B       		.uleb128 0xb
 949 0047 0B       		.uleb128 0xb
 950 0048 3A       		.uleb128 0x3a
 951 0049 0B       		.uleb128 0xb
ARM GAS  /tmp/ccKu63KU.s 			page 19


 952 004a 3B       		.uleb128 0x3b
 953 004b 0B       		.uleb128 0xb
 954 004c 01       		.uleb128 0x1
 955 004d 13       		.uleb128 0x13
 956 004e 00       		.byte	0
 957 004f 00       		.byte	0
 958 0050 07       		.uleb128 0x7
 959 0051 0D       		.uleb128 0xd
 960 0052 00       		.byte	0
 961 0053 03       		.uleb128 0x3
 962 0054 0E       		.uleb128 0xe
 963 0055 3A       		.uleb128 0x3a
 964 0056 0B       		.uleb128 0xb
 965 0057 3B       		.uleb128 0x3b
 966 0058 0B       		.uleb128 0xb
 967 0059 49       		.uleb128 0x49
 968 005a 13       		.uleb128 0x13
 969 005b 38       		.uleb128 0x38
 970 005c 0A       		.uleb128 0xa
 971 005d 00       		.byte	0
 972 005e 00       		.byte	0
 973 005f 08       		.uleb128 0x8
 974 0060 01       		.uleb128 0x1
 975 0061 01       		.byte	0x1
 976 0062 49       		.uleb128 0x49
 977 0063 13       		.uleb128 0x13
 978 0064 01       		.uleb128 0x1
 979 0065 13       		.uleb128 0x13
 980 0066 00       		.byte	0
 981 0067 00       		.byte	0
 982 0068 09       		.uleb128 0x9
 983 0069 21       		.uleb128 0x21
 984 006a 00       		.byte	0
 985 006b 49       		.uleb128 0x49
 986 006c 13       		.uleb128 0x13
 987 006d 2F       		.uleb128 0x2f
 988 006e 0B       		.uleb128 0xb
 989 006f 00       		.byte	0
 990 0070 00       		.byte	0
 991 0071 0A       		.uleb128 0xa
 992 0072 2E       		.uleb128 0x2e
 993 0073 01       		.byte	0x1
 994 0074 3F       		.uleb128 0x3f
 995 0075 0C       		.uleb128 0xc
 996 0076 03       		.uleb128 0x3
 997 0077 0E       		.uleb128 0xe
 998 0078 3A       		.uleb128 0x3a
 999 0079 0B       		.uleb128 0xb
 1000 007a 3B       		.uleb128 0x3b
 1001 007b 0B       		.uleb128 0xb
 1002 007c 27       		.uleb128 0x27
 1003 007d 0C       		.uleb128 0xc
 1004 007e 49       		.uleb128 0x49
 1005 007f 13       		.uleb128 0x13
 1006 0080 11       		.uleb128 0x11
 1007 0081 01       		.uleb128 0x1
 1008 0082 12       		.uleb128 0x12
ARM GAS  /tmp/ccKu63KU.s 			page 20


 1009 0083 01       		.uleb128 0x1
 1010 0084 40       		.uleb128 0x40
 1011 0085 06       		.uleb128 0x6
 1012 0086 9742     		.uleb128 0x2117
 1013 0088 0C       		.uleb128 0xc
 1014 0089 01       		.uleb128 0x1
 1015 008a 13       		.uleb128 0x13
 1016 008b 00       		.byte	0
 1017 008c 00       		.byte	0
 1018 008d 0B       		.uleb128 0xb
 1019 008e 05       		.uleb128 0x5
 1020 008f 00       		.byte	0
 1021 0090 03       		.uleb128 0x3
 1022 0091 0E       		.uleb128 0xe
 1023 0092 3A       		.uleb128 0x3a
 1024 0093 0B       		.uleb128 0xb
 1025 0094 3B       		.uleb128 0x3b
 1026 0095 0B       		.uleb128 0xb
 1027 0096 49       		.uleb128 0x49
 1028 0097 13       		.uleb128 0x13
 1029 0098 02       		.uleb128 0x2
 1030 0099 0A       		.uleb128 0xa
 1031 009a 00       		.byte	0
 1032 009b 00       		.byte	0
 1033 009c 0C       		.uleb128 0xc
 1034 009d 34       		.uleb128 0x34
 1035 009e 00       		.byte	0
 1036 009f 03       		.uleb128 0x3
 1037 00a0 0E       		.uleb128 0xe
 1038 00a1 3A       		.uleb128 0x3a
 1039 00a2 0B       		.uleb128 0xb
 1040 00a3 3B       		.uleb128 0x3b
 1041 00a4 0B       		.uleb128 0xb
 1042 00a5 49       		.uleb128 0x49
 1043 00a6 13       		.uleb128 0x13
 1044 00a7 02       		.uleb128 0x2
 1045 00a8 0A       		.uleb128 0xa
 1046 00a9 00       		.byte	0
 1047 00aa 00       		.byte	0
 1048 00ab 0D       		.uleb128 0xd
 1049 00ac 05       		.uleb128 0x5
 1050 00ad 00       		.byte	0
 1051 00ae 03       		.uleb128 0x3
 1052 00af 08       		.uleb128 0x8
 1053 00b0 3A       		.uleb128 0x3a
 1054 00b1 0B       		.uleb128 0xb
 1055 00b2 3B       		.uleb128 0x3b
 1056 00b3 0B       		.uleb128 0xb
 1057 00b4 49       		.uleb128 0x49
 1058 00b5 13       		.uleb128 0x13
 1059 00b6 02       		.uleb128 0x2
 1060 00b7 0A       		.uleb128 0xa
 1061 00b8 00       		.byte	0
 1062 00b9 00       		.byte	0
 1063 00ba 0E       		.uleb128 0xe
 1064 00bb 2E       		.uleb128 0x2e
 1065 00bc 00       		.byte	0
ARM GAS  /tmp/ccKu63KU.s 			page 21


 1066 00bd 3F       		.uleb128 0x3f
 1067 00be 0C       		.uleb128 0xc
 1068 00bf 03       		.uleb128 0x3
 1069 00c0 0E       		.uleb128 0xe
 1070 00c1 3A       		.uleb128 0x3a
 1071 00c2 0B       		.uleb128 0xb
 1072 00c3 3B       		.uleb128 0x3b
 1073 00c4 0B       		.uleb128 0xb
 1074 00c5 27       		.uleb128 0x27
 1075 00c6 0C       		.uleb128 0xc
 1076 00c7 8701     		.uleb128 0x87
 1077 00c9 0C       		.uleb128 0xc
 1078 00ca 11       		.uleb128 0x11
 1079 00cb 01       		.uleb128 0x1
 1080 00cc 12       		.uleb128 0x12
 1081 00cd 01       		.uleb128 0x1
 1082 00ce 40       		.uleb128 0x40
 1083 00cf 0A       		.uleb128 0xa
 1084 00d0 9742     		.uleb128 0x2117
 1085 00d2 0C       		.uleb128 0xc
 1086 00d3 00       		.byte	0
 1087 00d4 00       		.byte	0
 1088 00d5 0F       		.uleb128 0xf
 1089 00d6 34       		.uleb128 0x34
 1090 00d7 00       		.byte	0
 1091 00d8 03       		.uleb128 0x3
 1092 00d9 0E       		.uleb128 0xe
 1093 00da 3A       		.uleb128 0x3a
 1094 00db 0B       		.uleb128 0xb
 1095 00dc 3B       		.uleb128 0x3b
 1096 00dd 0B       		.uleb128 0xb
 1097 00de 49       		.uleb128 0x49
 1098 00df 13       		.uleb128 0x13
 1099 00e0 3F       		.uleb128 0x3f
 1100 00e1 0C       		.uleb128 0xc
 1101 00e2 3C       		.uleb128 0x3c
 1102 00e3 0C       		.uleb128 0xc
 1103 00e4 00       		.byte	0
 1104 00e5 00       		.byte	0
 1105 00e6 00       		.byte	0
 1106              		.section	.debug_loc,"",%progbits
 1107              	.Ldebug_loc0:
 1108              	.LLST0:
 1109 0000 00000000 		.4byte	.LFB0
 1110 0004 02000000 		.4byte	.LCFI0
 1111 0008 0200     		.2byte	0x2
 1112 000a 7D       		.byte	0x7d
 1113 000b 00       		.sleb128 0
 1114 000c 02000000 		.4byte	.LCFI0
 1115 0010 34000000 		.4byte	.LFE0
 1116 0014 0200     		.2byte	0x2
 1117 0016 7D       		.byte	0x7d
 1118 0017 10       		.sleb128 16
 1119 0018 00000000 		.4byte	0
 1120 001c 00000000 		.4byte	0
 1121              	.LLST1:
 1122 0020 00000000 		.4byte	.LFB1
ARM GAS  /tmp/ccKu63KU.s 			page 22


 1123 0024 02000000 		.4byte	.LCFI1
 1124 0028 0200     		.2byte	0x2
 1125 002a 7D       		.byte	0x7d
 1126 002b 00       		.sleb128 0
 1127 002c 02000000 		.4byte	.LCFI1
 1128 0030 10000000 		.4byte	.LFE1
 1129 0034 0200     		.2byte	0x2
 1130 0036 7D       		.byte	0x7d
 1131 0037 08       		.sleb128 8
 1132 0038 00000000 		.4byte	0
 1133 003c 00000000 		.4byte	0
 1134              	.LLST2:
 1135 0040 00000000 		.4byte	.LFB2
 1136 0044 02000000 		.4byte	.LCFI2
 1137 0048 0200     		.2byte	0x2
 1138 004a 7D       		.byte	0x7d
 1139 004b 00       		.sleb128 0
 1140 004c 02000000 		.4byte	.LCFI2
 1141 0050 0E000000 		.4byte	.LFE2
 1142 0054 0200     		.2byte	0x2
 1143 0056 7D       		.byte	0x7d
 1144 0057 08       		.sleb128 8
 1145 0058 00000000 		.4byte	0
 1146 005c 00000000 		.4byte	0
 1147              	.LLST3:
 1148 0060 00000000 		.4byte	.LFB3
 1149 0064 02000000 		.4byte	.LCFI3
 1150 0068 0200     		.2byte	0x2
 1151 006a 7D       		.byte	0x7d
 1152 006b 00       		.sleb128 0
 1153 006c 02000000 		.4byte	.LCFI3
 1154 0070 16000000 		.4byte	.LFE3
 1155 0074 0200     		.2byte	0x2
 1156 0076 7D       		.byte	0x7d
 1157 0077 08       		.sleb128 8
 1158 0078 00000000 		.4byte	0
 1159 007c 00000000 		.4byte	0
 1160              	.LLST4:
 1161 0080 00000000 		.4byte	.LFB4
 1162 0084 02000000 		.4byte	.LCFI4
 1163 0088 0200     		.2byte	0x2
 1164 008a 7D       		.byte	0x7d
 1165 008b 00       		.sleb128 0
 1166 008c 02000000 		.4byte	.LCFI4
 1167 0090 0C000000 		.4byte	.LFE4
 1168 0094 0200     		.2byte	0x2
 1169 0096 7D       		.byte	0x7d
 1170 0097 08       		.sleb128 8
 1171 0098 00000000 		.4byte	0
 1172 009c 00000000 		.4byte	0
 1173              	.LLST5:
 1174 00a0 00000000 		.4byte	.LFB5
 1175 00a4 02000000 		.4byte	.LCFI5
 1176 00a8 0200     		.2byte	0x2
 1177 00aa 7D       		.byte	0x7d
 1178 00ab 00       		.sleb128 0
 1179 00ac 02000000 		.4byte	.LCFI5
ARM GAS  /tmp/ccKu63KU.s 			page 23


 1180 00b0 10000000 		.4byte	.LFE5
 1181 00b4 0200     		.2byte	0x2
 1182 00b6 7D       		.byte	0x7d
 1183 00b7 10       		.sleb128 16
 1184 00b8 00000000 		.4byte	0
 1185 00bc 00000000 		.4byte	0
 1186              	.LLST6:
 1187 00c0 00000000 		.4byte	.LFB6
 1188 00c4 02000000 		.4byte	.LCFI6
 1189 00c8 0200     		.2byte	0x2
 1190 00ca 7D       		.byte	0x7d
 1191 00cb 00       		.sleb128 0
 1192 00cc 02000000 		.4byte	.LCFI6
 1193 00d0 10000000 		.4byte	.LFE6
 1194 00d4 0200     		.2byte	0x2
 1195 00d6 7D       		.byte	0x7d
 1196 00d7 10       		.sleb128 16
 1197 00d8 00000000 		.4byte	0
 1198 00dc 00000000 		.4byte	0
 1199              	.LLST7:
 1200 00e0 00000000 		.4byte	.LFB7
 1201 00e4 02000000 		.4byte	.LCFI7
 1202 00e8 0200     		.2byte	0x2
 1203 00ea 7D       		.byte	0x7d
 1204 00eb 00       		.sleb128 0
 1205 00ec 02000000 		.4byte	.LCFI7
 1206 00f0 10000000 		.4byte	.LFE7
 1207 00f4 0200     		.2byte	0x2
 1208 00f6 7D       		.byte	0x7d
 1209 00f7 10       		.sleb128 16
 1210 00f8 00000000 		.4byte	0
 1211 00fc 00000000 		.4byte	0
 1212              		.section	.debug_aranges,"",%progbits
 1213 0000 5C000000 		.4byte	0x5c
 1214 0004 0200     		.2byte	0x2
 1215 0006 00000000 		.4byte	.Ldebug_info0
 1216 000a 04       		.byte	0x4
 1217 000b 00       		.byte	0
 1218 000c 0000     		.2byte	0
 1219 000e 0000     		.2byte	0
 1220 0010 00000000 		.4byte	.LFB0
 1221 0014 34000000 		.4byte	.LFE0-.LFB0
 1222 0018 00000000 		.4byte	.LFB1
 1223 001c 10000000 		.4byte	.LFE1-.LFB1
 1224 0020 00000000 		.4byte	.LFB2
 1225 0024 0E000000 		.4byte	.LFE2-.LFB2
 1226 0028 00000000 		.4byte	.LFB3
 1227 002c 16000000 		.4byte	.LFE3-.LFB3
 1228 0030 00000000 		.4byte	.LFB4
 1229 0034 0C000000 		.4byte	.LFE4-.LFB4
 1230 0038 00000000 		.4byte	.LFB5
 1231 003c 10000000 		.4byte	.LFE5-.LFB5
 1232 0040 00000000 		.4byte	.LFB6
 1233 0044 10000000 		.4byte	.LFE6-.LFB6
 1234 0048 00000000 		.4byte	.LFB7
 1235 004c 10000000 		.4byte	.LFE7-.LFB7
 1236 0050 00000000 		.4byte	.LFB8
ARM GAS  /tmp/ccKu63KU.s 			page 24


 1237 0054 02000000 		.4byte	.LFE8-.LFB8
 1238 0058 00000000 		.4byte	0
 1239 005c 00000000 		.4byte	0
 1240              		.section	.debug_ranges,"",%progbits
 1241              	.Ldebug_ranges0:
 1242 0000 00000000 		.4byte	.LFB0
 1243 0004 34000000 		.4byte	.LFE0
 1244 0008 00000000 		.4byte	.LFB1
 1245 000c 10000000 		.4byte	.LFE1
 1246 0010 00000000 		.4byte	.LFB2
 1247 0014 0E000000 		.4byte	.LFE2
 1248 0018 00000000 		.4byte	.LFB3
 1249 001c 16000000 		.4byte	.LFE3
 1250 0020 00000000 		.4byte	.LFB4
 1251 0024 0C000000 		.4byte	.LFE4
 1252 0028 00000000 		.4byte	.LFB5
 1253 002c 10000000 		.4byte	.LFE5
 1254 0030 00000000 		.4byte	.LFB6
 1255 0034 10000000 		.4byte	.LFE6
 1256 0038 00000000 		.4byte	.LFB7
 1257 003c 10000000 		.4byte	.LFE7
 1258 0040 00000000 		.4byte	.LFB8
 1259 0044 02000000 		.4byte	.LFE8
 1260 0048 00000000 		.4byte	0
 1261 004c 00000000 		.4byte	0
 1262              		.section	.debug_line,"",%progbits
 1263              	.Ldebug_line0:
 1264 0000 54010000 		.section	.debug_str,"MS",%progbits,1
 1264      0200AB00 
 1264      00000201 
 1264      FB0E0D00 
 1264      01010101 
 1265              	.LASF13:
 1266 0000 5F5F6769 		.ascii	"__gid_t\000"
 1266      645F7400 
 1267              	.LASF55:
 1268 0008 636D7369 		.ascii	"cmsis_boot/syscalls/syscalls.c\000"
 1268      735F626F 
 1268      6F742F73 
 1268      79736361 
 1268      6C6C732F 
 1269              	.LASF7:
 1270 0027 6C6F6E67 		.ascii	"long long unsigned int\000"
 1270      206C6F6E 
 1270      6720756E 
 1270      7369676E 
 1270      65642069 
 1271              	.LASF40:
 1272 003e 73745F62 		.ascii	"st_blocks\000"
 1272      6C6F636B 
 1272      7300
 1273              	.LASF57:
 1274 0048 73746174 		.ascii	"stat\000"
 1274      00
 1275              	.LASF6:
 1276 004d 6C6F6E67 		.ascii	"long long int\000"
 1276      206C6F6E 
ARM GAS  /tmp/ccKu63KU.s 			page 25


 1276      6720696E 
 1276      7400
 1277              	.LASF0:
 1278 005b 7369676E 		.ascii	"signed char\000"
 1278      65642063 
 1278      68617200 
 1279              	.LASF26:
 1280 0067 73745F69 		.ascii	"st_ino\000"
 1280      6E6F00
 1281              	.LASF4:
 1282 006e 6C6F6E67 		.ascii	"long int\000"
 1282      20696E74 
 1282      00
 1283              	.LASF51:
 1284 0077 5F6C7365 		.ascii	"_lseek\000"
 1284      656B00
 1285              	.LASF49:
 1286 007e 5F667374 		.ascii	"_fstat\000"
 1286      617400
 1287              	.LASF24:
 1288 0085 6E6C696E 		.ascii	"nlink_t\000"
 1288      6B5F7400 
 1289              	.LASF19:
 1290 008d 6F66665F 		.ascii	"off_t\000"
 1290      7400
 1291              	.LASF22:
 1292 0093 6769645F 		.ascii	"gid_t\000"
 1292      7400
 1293              	.LASF46:
 1294 0099 696E6372 		.ascii	"incr\000"
 1294      00
 1295              	.LASF42:
 1296 009e 68656170 		.ascii	"heap\000"
 1296      00
 1297              	.LASF45:
 1298 00a3 6C696E6B 		.ascii	"link\000"
 1298      00
 1299              	.LASF11:
 1300 00a8 5F5F6465 		.ascii	"__dev_t\000"
 1300      765F7400 
 1301              	.LASF29:
 1302 00b0 73745F75 		.ascii	"st_uid\000"
 1302      696400
 1303              	.LASF34:
 1304 00b7 73745F73 		.ascii	"st_spare1\000"
 1304      70617265 
 1304      3100
 1305              	.LASF36:
 1306 00c1 73745F73 		.ascii	"st_spare2\000"
 1306      70617265 
 1306      3200
 1307              	.LASF38:
 1308 00cb 73745F73 		.ascii	"st_spare3\000"
 1308      70617265 
 1308      3300
 1309              	.LASF41:
 1310 00d5 73745F73 		.ascii	"st_spare4\000"
ARM GAS  /tmp/ccKu63KU.s 			page 26


 1310      70617265 
 1310      3400
 1311              	.LASF8:
 1312 00df 756E7369 		.ascii	"unsigned int\000"
 1312      676E6564 
 1312      20696E74 
 1312      00
 1313              	.LASF47:
 1314 00ec 5F636C6F 		.ascii	"_close\000"
 1314      736500
 1315              	.LASF5:
 1316 00f3 6C6F6E67 		.ascii	"long unsigned int\000"
 1316      20756E73 
 1316      69676E65 
 1316      6420696E 
 1316      7400
 1317              	.LASF21:
 1318 0105 7569645F 		.ascii	"uid_t\000"
 1318      7400
 1319              	.LASF3:
 1320 010b 73686F72 		.ascii	"short unsigned int\000"
 1320      7420756E 
 1320      7369676E 
 1320      65642069 
 1320      6E7400
 1321              	.LASF59:
 1322 011e 5F656E64 		.ascii	"_end\000"
 1322      00
 1323              	.LASF50:
 1324 0123 5F697361 		.ascii	"_isatty\000"
 1324      74747900 
 1325              	.LASF33:
 1326 012b 73745F61 		.ascii	"st_atime\000"
 1326      74696D65 
 1326      00
 1327              	.LASF32:
 1328 0134 73745F73 		.ascii	"st_size\000"
 1328      697A6500 
 1329              	.LASF53:
 1330 013c 5F777269 		.ascii	"_write\000"
 1330      746500
 1331              	.LASF27:
 1332 0143 73745F6D 		.ascii	"st_mode\000"
 1332      6F646500 
 1333              	.LASF14:
 1334 014b 73697A65 		.ascii	"sizetype\000"
 1334      74797065 
 1334      00
 1335              	.LASF9:
 1336 0154 6C6F6E67 		.ascii	"long double\000"
 1336      20646F75 
 1336      626C6500 
 1337              	.LASF56:
 1338 0160 2F686F6D 		.ascii	"/home/med/Documents/stm32_proj/emacs_dexel_pfc\000"
 1338      652F6D65 
 1338      642F446F 
 1338      63756D65 
ARM GAS  /tmp/ccKu63KU.s 			page 27


 1338      6E74732F 
 1339              	.LASF10:
 1340 018f 5F6F6666 		.ascii	"_off_t\000"
 1340      5F7400
 1341              	.LASF20:
 1342 0196 6465765F 		.ascii	"dev_t\000"
 1342      7400
 1343              	.LASF16:
 1344 019c 74696D65 		.ascii	"time_t\000"
 1344      5F7400
 1345              	.LASF48:
 1346 01a3 66696C65 		.ascii	"file\000"
 1346      00
 1347              	.LASF52:
 1348 01a8 5F726561 		.ascii	"_read\000"
 1348      6400
 1349              	.LASF28:
 1350 01ae 73745F6E 		.ascii	"st_nlink\000"
 1350      6C696E6B 
 1350      00
 1351              	.LASF1:
 1352 01b7 756E7369 		.ascii	"unsigned char\000"
 1352      676E6564 
 1352      20636861 
 1352      7200
 1353              	.LASF2:
 1354 01c5 73686F72 		.ascii	"short int\000"
 1354      7420696E 
 1354      7400
 1355              	.LASF39:
 1356 01cf 73745F62 		.ascii	"st_blksize\000"
 1356      6C6B7369 
 1356      7A6500
 1357              	.LASF37:
 1358 01da 73745F63 		.ascii	"st_ctime\000"
 1358      74696D65 
 1358      00
 1359              	.LASF43:
 1360 01e3 70726576 		.ascii	"prev_heap\000"
 1360      5F686561 
 1360      7000
 1361              	.LASF17:
 1362 01ed 63616464 		.ascii	"caddr_t\000"
 1362      725F7400 
 1363              	.LASF31:
 1364 01f5 73745F72 		.ascii	"st_rdev\000"
 1364      64657600 
 1365              	.LASF15:
 1366 01fd 63686172 		.ascii	"char\000"
 1366      00
 1367              	.LASF58:
 1368 0202 61626F72 		.ascii	"abort\000"
 1368      7400
 1369              	.LASF12:
 1370 0208 5F5F7569 		.ascii	"__uid_t\000"
 1370      645F7400 
 1371              	.LASF30:
ARM GAS  /tmp/ccKu63KU.s 			page 28


 1372 0210 73745F67 		.ascii	"st_gid\000"
 1372      696400
 1373              	.LASF23:
 1374 0217 6D6F6465 		.ascii	"mode_t\000"
 1374      5F7400
 1375              	.LASF25:
 1376 021e 73745F64 		.ascii	"st_dev\000"
 1376      657600
 1377              	.LASF54:
 1378 0225 474E5520 		.ascii	"GNU C11 5.2.1 20151202 (release) [ARM/embedded-5-br"
 1378      43313120 
 1378      352E322E 
 1378      31203230 
 1378      31353132 
 1379 0258 616E6368 		.ascii	"anch revision 231848] -mcpu=cortex-m0 -mthumb -g -g"
 1379      20726576 
 1379      6973696F 
 1379      6E203233 
 1379      31383438 
 1380 028b 64776172 		.ascii	"dwarf-2 -O0 -fomit-frame-pointer -fdata-sections -f"
 1380      662D3220 
 1380      2D4F3020 
 1380      2D666F6D 
 1380      69742D66 
 1381 02be 66756E63 		.ascii	"function-sections\000"
 1381      74696F6E 
 1381      2D736563 
 1381      74696F6E 
 1381      7300
 1382              	.LASF35:
 1383 02d0 73745F6D 		.ascii	"st_mtime\000"
 1383      74696D65 
 1383      00
 1384              	.LASF44:
 1385 02d9 5F736272 		.ascii	"_sbrk\000"
 1385      6B00
 1386              	.LASF18:
 1387 02df 696E6F5F 		.ascii	"ino_t\000"
 1387      7400
 1388              		.ident	"GCC: (GNU Tools for ARM Embedded Processors) 5.2.1 20151202 (release) [ARM/embedded-5-bran
ARM GAS  /tmp/ccKu63KU.s 			page 29


DEFINED SYMBOLS
                            *ABS*:00000000 syscalls.c
     /tmp/ccKu63KU.s:55     .text._sbrk:00000000 $t
     /tmp/ccKu63KU.s:60     .text._sbrk:00000000 _sbrk
     /tmp/ccKu63KU.s:100    .text._sbrk:0000002c $d
     /tmp/ccKu63KU.s:308    .bss.heap.5298:00000000 heap.5298
     /tmp/ccKu63KU.s:106    .text.link:00000000 $t
     /tmp/ccKu63KU.s:111    .text.link:00000000 link
     /tmp/ccKu63KU.s:132    .text._close:00000000 $t
     /tmp/ccKu63KU.s:137    .text._close:00000000 _close
     /tmp/ccKu63KU.s:157    .text._fstat:00000000 $t
     /tmp/ccKu63KU.s:162    .text._fstat:00000000 _fstat
     /tmp/ccKu63KU.s:187    .text._isatty:00000000 $t
     /tmp/ccKu63KU.s:192    .text._isatty:00000000 _isatty
     /tmp/ccKu63KU.s:211    .text._lseek:00000000 $t
     /tmp/ccKu63KU.s:216    .text._lseek:00000000 _lseek
     /tmp/ccKu63KU.s:237    .text._read:00000000 $t
     /tmp/ccKu63KU.s:242    .text._read:00000000 _read
     /tmp/ccKu63KU.s:263    .text._write:00000000 $t
     /tmp/ccKu63KU.s:268    .text._write:00000000 _write
     /tmp/ccKu63KU.s:289    .text.abort:00000000 $t
     /tmp/ccKu63KU.s:294    .text.abort:00000000 abort
     /tmp/ccKu63KU.s:305    .bss.heap.5298:00000000 $d
                     .debug_frame:00000010 $d

UNDEFINED SYMBOLS
_end
