ARM GAS  /tmp/cctX6GIe.s 			page 1


   1              		.syntax unified
   2              		.cpu cortex-m0
   3              		.fpu softvfp
   4              		.eabi_attribute 20, 1	@ Tag_ABI_FP_denormal
   5              		.eabi_attribute 21, 1	@ Tag_ABI_FP_exceptions
   6              		.eabi_attribute 23, 3	@ Tag_ABI_FP_number_model
   7              		.eabi_attribute 24, 1	@ Tag_ABI_align8_needed
   8              		.eabi_attribute 25, 1	@ Tag_ABI_align8_preserved
   9              		.eabi_attribute 26, 1	@ Tag_ABI_enum_size
  10              		.eabi_attribute 30, 6	@ Tag_ABI_optimization_goals
  11              		.eabi_attribute 34, 0	@ Tag_CPU_unaligned_access
  12              		.eabi_attribute 18, 4	@ Tag_ABI_PCS_wchar_t
  13              		.file	"gpio.c"
  14              	@ GNU C11 (GNU Tools for ARM Embedded Processors) version 5.2.1 20151202 (release) [ARM/embedded-5-
  15              	@	compiled by GNU C version 4.7.4, GMP version 4.3.2, MPFR version 2.4.2, MPC version 0.8.1
  16              	@ GGC heuristics: --param ggc-min-expand=100 --param ggc-min-heapsize=131072
  17              	@ options passed:  -I . -I ./src -I ./cmsis_boot -I ./cmsis_core
  18              	@ -imultilib armv6-m
  19              	@ -iprefix /usr/local/sbin/gcc-arm-none-eabi-5_2-2015q4/bin/../lib/gcc/arm-none-eabi/5.2.1/
  20              	@ -isysroot /usr/local/sbin/gcc-arm-none-eabi-5_2-2015q4/bin/../arm-none-eabi
  21              	@ -D__USES_INITFINI__ -D STM32F030 src/gpio.c -mcpu=cortex-m0 -mthumb
  22              	@ -auxbase-strip src/gpio.o -g -gdwarf-2 -O0 -Wall -fomit-frame-pointer
  23              	@ -fdata-sections -ffunction-sections -fverbose-asm
  24              	@ options enabled:  -faggressive-loop-optimizations -fauto-inc-dec
  25              	@ -fchkp-check-incomplete-type -fchkp-check-read -fchkp-check-write
  26              	@ -fchkp-instrument-calls -fchkp-narrow-bounds -fchkp-optimize
  27              	@ -fchkp-store-bounds -fchkp-use-static-bounds
  28              	@ -fchkp-use-static-const-bounds -fchkp-use-wrappers -fcommon
  29              	@ -fdata-sections -fdelete-null-pointer-checks -fdwarf2-cfi-asm
  30              	@ -fearly-inlining -feliminate-unused-debug-types -ffunction-cse
  31              	@ -ffunction-sections -fgcse-lm -fgnu-runtime -fgnu-unique -fident
  32              	@ -finline-atomics -fira-hoist-pressure -fira-share-save-slots
  33              	@ -fira-share-spill-slots -fivopts -fkeep-static-consts
  34              	@ -fleading-underscore -flifetime-dse -flto-odr-type-merging -fmath-errno
  35              	@ -fmerge-debug-strings -fomit-frame-pointer -fpeephole
  36              	@ -fprefetch-loop-arrays -freg-struct-return
  37              	@ -fsched-critical-path-heuristic -fsched-dep-count-heuristic
  38              	@ -fsched-group-heuristic -fsched-interblock -fsched-last-insn-heuristic
  39              	@ -fsched-rank-heuristic -fsched-spec -fsched-spec-insn-heuristic
  40              	@ -fsched-stalled-insns-dep -fsemantic-interposition -fshow-column
  41              	@ -fsigned-zeros -fsplit-ivs-in-unroller -fstdarg-opt
  42              	@ -fstrict-volatile-bitfields -fsync-libcalls -ftrapping-math
  43              	@ -ftree-coalesce-vars -ftree-cselim -ftree-forwprop -ftree-loop-if-convert
  44              	@ -ftree-loop-im -ftree-loop-ivcanon -ftree-loop-optimize
  45              	@ -ftree-parallelize-loops= -ftree-phiprop -ftree-reassoc -ftree-scev-cprop
  46              	@ -funit-at-a-time -fverbose-asm -fzero-initialized-in-bss -mlittle-endian
  47              	@ -mpic-data-is-text-relative -msched-prolog -mthumb
  48              	@ -mvectorize-with-neon-quad
  49              	
  50              		.text
  51              	.Ltext0:
  52              		.cfi_sections	.debug_frame
  53              		.section	.text.GPIO_Config,"ax",%progbits
  54              		.align	2
  55              		.global	GPIO_Config
  56              		.code	16
  57              		.thumb_func
ARM GAS  /tmp/cctX6GIe.s 			page 2


  58              		.type	GPIO_Config, %function
  59              	GPIO_Config:
  60              	.LFB20:
  61              		.file 1 "src/gpio.c"
   1:src/gpio.c    **** //---------------------------------------------
   2:src/gpio.c    **** // ##
   3:src/gpio.c    **** // ## @Author: Med
   4:src/gpio.c    **** // ## @Editor: Emacs - ggtags
   5:src/gpio.c    **** // ## @TAGS:   Global
   6:src/gpio.c    **** // ## @CPU:    STM32F030
   7:src/gpio.c    **** // ##
   8:src/gpio.c    **** // #### GPIO.C ################################
   9:src/gpio.c    **** //---------------------------------------------
  10:src/gpio.c    **** 
  11:src/gpio.c    **** /* Includes ------------------------------------------------------------------*/
  12:src/gpio.c    **** #include "stm32f0xx.h"
  13:src/gpio.c    **** #include "gpio.h"
  14:src/gpio.c    **** #include "hard.h"
  15:src/gpio.c    **** 
  16:src/gpio.c    **** 
  17:src/gpio.c    **** 
  18:src/gpio.c    **** //--- Private typedef ---//
  19:src/gpio.c    **** //--- Private define ---//
  20:src/gpio.c    **** //--- Private macro ---//
  21:src/gpio.c    **** //--- Private variables ---//
  22:src/gpio.c    **** //--- Private function prototypes ---//
  23:src/gpio.c    **** //--- Private functions ---//
  24:src/gpio.c    **** 
  25:src/gpio.c    **** //-------------------------------------------//
  26:src/gpio.c    **** // @brief  GPIO configure.
  27:src/gpio.c    **** // @param  None
  28:src/gpio.c    **** // @retval None
  29:src/gpio.c    **** //------------------------------------------//
  30:src/gpio.c    **** void GPIO_Config (void)
  31:src/gpio.c    **** {
  62              		.loc 1 31 0
  63              		.cfi_startproc
  64 0000 82B0     		sub	sp, sp, #8	@,,
  65              	.LCFI0:
  66              		.cfi_def_cfa_offset 8
  32:src/gpio.c    ****     unsigned long temp;
  33:src/gpio.c    **** 
  34:src/gpio.c    ****     //--- MODER ---//
  35:src/gpio.c    ****     //00: Input mode (reset state)
  36:src/gpio.c    ****     //01: General purpose output mode
  37:src/gpio.c    ****     //10: Alternate function mode
  38:src/gpio.c    ****     //11: Analog mode
  39:src/gpio.c    **** 
  40:src/gpio.c    ****     //--- OTYPER ---//
  41:src/gpio.c    ****     //These bits are written by software to configure the I/O output type.
  42:src/gpio.c    ****     //0: Output push-pull (reset state)
  43:src/gpio.c    ****     //1: Output open-drain
  44:src/gpio.c    **** 
  45:src/gpio.c    ****     //--- ORSPEEDR ---//
  46:src/gpio.c    ****     //These bits are written by software to configure the I/O output speed.
  47:src/gpio.c    ****     //x0: Low speed.
  48:src/gpio.c    ****     //01: Medium speed.
ARM GAS  /tmp/cctX6GIe.s 			page 3


  49:src/gpio.c    ****     //11: High speed.
  50:src/gpio.c    ****     //Note: Refer to the device datasheet for the frequency.
  51:src/gpio.c    **** 
  52:src/gpio.c    ****     //--- PUPDR ---//
  53:src/gpio.c    ****     //These bits are written by software to configure the I/O pull-up or pull-down
  54:src/gpio.c    ****     //00: No pull-up, pull-down
  55:src/gpio.c    ****     //01: Pull-up
  56:src/gpio.c    ****     //10: Pull-down
  57:src/gpio.c    ****     //11: Reserved
  58:src/gpio.c    **** 
  59:src/gpio.c    **** 
  60:src/gpio.c    ****     //--- GPIO A ---//
  61:src/gpio.c    ****     if (!GPIOA_CLK)
  67              		.loc 1 61 0
  68 0002 1F4B     		ldr	r3, .L3	@ D.4802,
  69 0004 5A69     		ldr	r2, [r3, #20]	@ D.4803, _2->AHBENR
  70 0006 8023     		movs	r3, #128	@ tmp158,
  71 0008 9B02     		lsls	r3, r3, #10	@ tmp127, tmp158,
  72 000a 1340     		ands	r3, r2	@ D.4803, D.4803
  73 000c 06D1     		bne	.L2	@,
  62:src/gpio.c    ****         GPIOA_CLK_ON;
  74              		.loc 1 62 0
  75 000e 1C4B     		ldr	r3, .L3	@ D.4802,
  76 0010 1B4A     		ldr	r2, .L3	@ D.4802,
  77 0012 5269     		ldr	r2, [r2, #20]	@ D.4803, _7->AHBENR
  78 0014 8021     		movs	r1, #128	@ tmp157,
  79 0016 8902     		lsls	r1, r1, #10	@ tmp128, tmp157,
  80 0018 0A43     		orrs	r2, r1	@ D.4803, tmp128
  81 001a 5A61     		str	r2, [r3, #20]	@ D.4803, _6->AHBENR
  82              	.L2:
  63:src/gpio.c    **** 
  64:src/gpio.c    **** #ifdef USE_LED_AS_TIM1_CH3
  65:src/gpio.c    ****     temp = GPIOA->MODER;	//2 bits por pin
  66:src/gpio.c    ****     temp &= 0xFFCFCC00;		//PA0 - PA4 analog input; PA6 alternative (TIM3 CH1)
  67:src/gpio.c    ****     temp |= 0x002023FF;		//PA10 alternative (TIM1 CH3)
  68:src/gpio.c    ****     GPIOA->MODER = temp;
  69:src/gpio.c    **** #else
  70:src/gpio.c    ****     temp = GPIOA->MODER;	//2 bits por pin
  83              		.loc 1 70 0
  84 001c 9023     		movs	r3, #144	@ tmp149,
  85 001e DB05     		lsls	r3, r3, #23	@ D.4804, tmp149,
  86 0020 1B68     		ldr	r3, [r3]	@ tmp129, _11->MODER
  87 0022 0193     		str	r3, [sp, #4]	@ tmp129, temp
  71:src/gpio.c    ****     temp &= 0xFFCFCC00;		//PA0 - PA4 analog input; PA6 alternative (TIM3 CH1)
  88              		.loc 1 71 0
  89 0024 019B     		ldr	r3, [sp, #4]	@ tmp131, temp
  90 0026 174A     		ldr	r2, .L3+4	@ tmp132,
  91 0028 1340     		ands	r3, r2	@ tmp130, tmp132
  92 002a 0193     		str	r3, [sp, #4]	@ tmp130, temp
  72:src/gpio.c    ****     temp |= 0x001023FF;		//PA10 output
  93              		.loc 1 72 0
  94 002c 019B     		ldr	r3, [sp, #4]	@ tmp134, temp
  95 002e 164A     		ldr	r2, .L3+8	@ tmp135,
  96 0030 1343     		orrs	r3, r2	@ tmp133, tmp135
  97 0032 0193     		str	r3, [sp, #4]	@ tmp133, temp
  73:src/gpio.c    ****     GPIOA->MODER = temp;    
  98              		.loc 1 73 0
ARM GAS  /tmp/cctX6GIe.s 			page 4


  99 0034 9023     		movs	r3, #144	@ tmp150,
 100 0036 DB05     		lsls	r3, r3, #23	@ D.4804, tmp150,
 101 0038 019A     		ldr	r2, [sp, #4]	@ tmp136, temp
 102 003a 1A60     		str	r2, [r3]	@ tmp136, _15->MODER
  74:src/gpio.c    **** #endif
  75:src/gpio.c    ****     temp = GPIOA->OTYPER;	//1 bit por pin
 103              		.loc 1 75 0
 104 003c 9023     		movs	r3, #144	@ tmp151,
 105 003e DB05     		lsls	r3, r3, #23	@ D.4804, tmp151,
 106 0040 9B88     		ldrh	r3, [r3, #4]	@ tmp138,
 107 0042 9BB2     		uxth	r3, r3	@ D.4805, tmp138
 108 0044 0193     		str	r3, [sp, #4]	@ D.4805, temp
  76:src/gpio.c    ****     temp &= 0xFFFFFFFF;         //
  77:src/gpio.c    ****     temp |= 0x00000000;
  78:src/gpio.c    ****     GPIOA->OTYPER = temp;
 109              		.loc 1 78 0
 110 0046 9023     		movs	r3, #144	@ tmp152,
 111 0048 DB05     		lsls	r3, r3, #23	@ D.4804, tmp152,
 112 004a 019A     		ldr	r2, [sp, #4]	@ tmp140, temp
 113 004c 92B2     		uxth	r2, r2	@ D.4805, tmp139
 114 004e 9A80     		strh	r2, [r3, #4]	@ tmp141, _22->OTYPER
  79:src/gpio.c    **** 
  80:src/gpio.c    ****     temp = GPIOA->OSPEEDR;	//2 bits por pin
 115              		.loc 1 80 0
 116 0050 9023     		movs	r3, #144	@ tmp153,
 117 0052 DB05     		lsls	r3, r3, #23	@ D.4804, tmp153,
 118 0054 9B68     		ldr	r3, [r3, #8]	@ tmp142, _25->OSPEEDR
 119 0056 0193     		str	r3, [sp, #4]	@ tmp142, temp
  81:src/gpio.c    ****     temp &= 0xFFFFCFFF;
 120              		.loc 1 81 0
 121 0058 019B     		ldr	r3, [sp, #4]	@ tmp144, temp
 122 005a 0C4A     		ldr	r2, .L3+12	@ tmp145,
 123 005c 1340     		ands	r3, r2	@ tmp143, tmp145
 124 005e 0193     		str	r3, [sp, #4]	@ tmp143, temp
  82:src/gpio.c    ****     temp |= 0x00000000;		//PA6 low speed
  83:src/gpio.c    ****     GPIOA->OSPEEDR = temp;
 125              		.loc 1 83 0
 126 0060 9023     		movs	r3, #144	@ tmp154,
 127 0062 DB05     		lsls	r3, r3, #23	@ D.4804, tmp154,
 128 0064 019A     		ldr	r2, [sp, #4]	@ tmp146, temp
 129 0066 9A60     		str	r2, [r3, #8]	@ tmp146, _29->OSPEEDR
  84:src/gpio.c    **** 
  85:src/gpio.c    ****     temp = GPIOA->PUPDR;	//2 bits por pin
 130              		.loc 1 85 0
 131 0068 9023     		movs	r3, #144	@ tmp155,
 132 006a DB05     		lsls	r3, r3, #23	@ D.4804, tmp155,
 133 006c DB68     		ldr	r3, [r3, #12]	@ tmp147, _31->PUPDR
 134 006e 0193     		str	r3, [sp, #4]	@ tmp147, temp
  86:src/gpio.c    ****     temp &= 0xFFFFFFFF;
  87:src/gpio.c    ****     temp |= 0x00000000;	
  88:src/gpio.c    ****     GPIOA->PUPDR = temp;
 135              		.loc 1 88 0
 136 0070 9023     		movs	r3, #144	@ tmp156,
 137 0072 DB05     		lsls	r3, r3, #23	@ D.4804, tmp156,
 138 0074 019A     		ldr	r2, [sp, #4]	@ tmp148, temp
 139 0076 DA60     		str	r2, [r3, #12]	@ tmp148, _35->PUPDR
  89:src/gpio.c    **** 
ARM GAS  /tmp/cctX6GIe.s 			page 5


  90:src/gpio.c    ****     //Alternate Fuction for GPIOA
  91:src/gpio.c    ****     // GPIOA->AFR[0] = 0x00001100;	//PA2 -> AF1; PA3 -> AF1;
  92:src/gpio.c    **** 
  93:src/gpio.c    ****     //--- GPIO B ---//
  94:src/gpio.c    **** #ifdef GPIOB_ENABLE
  95:src/gpio.c    ****     if (!GPIOB_CLK)
  96:src/gpio.c    ****         GPIOB_CLK_ON;
  97:src/gpio.c    **** 
  98:src/gpio.c    ****     temp = GPIOB->MODER;	//2 bits por pin
  99:src/gpio.c    ****     temp &= 0xFFFFFFFF;		//
 100:src/gpio.c    ****     temp |= 0x00000000;
 101:src/gpio.c    ****     GPIOB->MODER = temp;
 102:src/gpio.c    **** 
 103:src/gpio.c    ****     temp = GPIOB->OTYPER;	//1 bit por pin
 104:src/gpio.c    ****     temp &= 0xFFFFFFFF;
 105:src/gpio.c    ****     temp |= 0x00000000;
 106:src/gpio.c    ****     GPIOB->OTYPER = temp;
 107:src/gpio.c    **** 
 108:src/gpio.c    ****     temp = GPIOB->OSPEEDR;	//2 bits por pin
 109:src/gpio.c    ****     temp &= 0xFFFFFFFF;
 110:src/gpio.c    ****     temp |= 0x00000000;		//low speed
 111:src/gpio.c    ****     GPIOB->OSPEEDR = temp;
 112:src/gpio.c    **** 
 113:src/gpio.c    ****     temp = GPIOB->PUPDR;	//2 bits por pin
 114:src/gpio.c    ****     temp &= 0xFFFFFFFF;		//pull up
 115:src/gpio.c    ****     temp |= 0x00000000;
 116:src/gpio.c    ****     GPIOB->PUPDR = temp;
 117:src/gpio.c    **** 
 118:src/gpio.c    ****     //Alternate Fuction for GPIOB
 119:src/gpio.c    ****     //GPIOB->AFR[0] = 0x00010000;	//PB4 -> AF1 enable pin on tim.c
 120:src/gpio.c    **** #endif
 121:src/gpio.c    **** 
 122:src/gpio.c    **** #ifdef GPIOF_ENABLE
 123:src/gpio.c    **** 
 124:src/gpio.c    ****     //--- GPIO F ---//
 125:src/gpio.c    ****     if (!GPIOF_CLK)
 126:src/gpio.c    ****         GPIOF_CLK_ON;
 127:src/gpio.c    **** 
 128:src/gpio.c    ****     temp = GPIOF->MODER;
 129:src/gpio.c    ****     temp &= 0xFFFFFFFF;
 130:src/gpio.c    ****     temp |= 0x00000000;
 131:src/gpio.c    ****     GPIOF->MODER = temp;
 132:src/gpio.c    **** 
 133:src/gpio.c    ****     temp = GPIOF->OTYPER;
 134:src/gpio.c    ****     temp &= 0xFFFFFFFF;
 135:src/gpio.c    ****     temp |= 0x00000000;
 136:src/gpio.c    ****     GPIOF->OTYPER = temp;
 137:src/gpio.c    **** 
 138:src/gpio.c    ****     temp = GPIOF->OSPEEDR;
 139:src/gpio.c    ****     temp &= 0xFFFFFFFF;
 140:src/gpio.c    ****     temp |= 0x00000000;
 141:src/gpio.c    ****     GPIOF->OSPEEDR = temp;
 142:src/gpio.c    **** 
 143:src/gpio.c    ****     temp = GPIOF->PUPDR;
 144:src/gpio.c    ****     temp &= 0xFFFFFFFF;
 145:src/gpio.c    ****     temp |= 0x00000000;
 146:src/gpio.c    ****     GPIOF->PUPDR = temp;
ARM GAS  /tmp/cctX6GIe.s 			page 6


 147:src/gpio.c    **** 
 148:src/gpio.c    **** #endif
 149:src/gpio.c    **** 
 150:src/gpio.c    **** #if (defined WITH_OVERCURRENT_SHUTDOWN) || (defined WITH_AC_SYNC_INT)
 151:src/gpio.c    ****     //Interrupt en PA4 y PA5 or/and PA8
 152:src/gpio.c    ****     if (!SYSCFG_CLK)
 153:src/gpio.c    ****         SYSCFG_CLK_ON;
 154:src/gpio.c    **** 
 155:src/gpio.c    **** #ifdef WITH_OVERCURRENT_SHUTDOWN
 156:src/gpio.c    ****     SYSCFG->EXTICR[1] = 0x00000000; //Select Port A & Pin4 Pin5  external interrupt
 157:src/gpio.c    ****     // EXTI->IMR |= 0x00000030; 			//Corresponding mask bit for interrupts EXTI4 EXTI5
 158:src/gpio.c    ****     EXTI->EMR |= 0x00000000; 			//Corresponding mask bit for events
 159:src/gpio.c    ****     EXTI->RTSR |= 0x00000030; 			//pin4 pin5 Interrupt line on rising edge
 160:src/gpio.c    ****     EXTI->FTSR |= 0x00000000; 			//Interrupt line on falling edge
 161:src/gpio.c    **** #endif
 162:src/gpio.c    **** #ifdef WITH_AC_SYNC_INT
 163:src/gpio.c    ****     SYSCFG->EXTICR[2] = 0x00000000; //Select Port A & Pin8  external interrupt
 164:src/gpio.c    ****     // EXTI->IMR |= 0x00000100; 			//Corresponding mask bit for interrupts EXTI4 EXTI5
 165:src/gpio.c    ****     EXTI->EMR |= 0x00000000; 			//Corresponding mask bit for events
 166:src/gpio.c    ****     EXTI->RTSR |= 0x00000100; 			//pin8 Interrupt line on rising edge
 167:src/gpio.c    ****     EXTI->FTSR |= 0x00000000; 			//Interrupt line on falling edge
 168:src/gpio.c    **** #endif
 169:src/gpio.c    **** 
 170:src/gpio.c    ****     NVIC_EnableIRQ(EXTI4_15_IRQn);
 171:src/gpio.c    ****     NVIC_SetPriority(EXTI4_15_IRQn, 2);
 172:src/gpio.c    ****     
 173:src/gpio.c    **** #endif    
 174:src/gpio.c    **** 
 175:src/gpio.c    **** }
 140              		.loc 1 175 0
 141 0078 C046     		nop
 142 007a 02B0     		add	sp, sp, #8	@,,
 143              		@ sp needed	@
 144 007c 7047     		bx	lr
 145              	.L4:
 146 007e C046     		.align	2
 147              	.L3:
 148 0080 00100240 		.word	1073876992
 149 0084 00CCCFFF 		.word	-3159040
 150 0088 FF231000 		.word	1057791
 151 008c FFCFFFFF 		.word	-12289
 152              		.cfi_endproc
 153              	.LFE20:
 154              		.size	GPIO_Config, .-GPIO_Config
 155              		.text
 156              	.Letext0:
 157              		.file 2 "/usr/local/sbin/gcc-arm-none-eabi-5_2-2015q4/arm-none-eabi/include/machine/_default_types
 158              		.file 3 "/usr/local/sbin/gcc-arm-none-eabi-5_2-2015q4/arm-none-eabi/include/sys/_stdint.h"
 159              		.file 4 "./cmsis_boot/stm32f0xx.h"
 160              		.section	.debug_info,"",%progbits
 161              	.Ldebug_info0:
 162 0000 B2020000 		.4byte	0x2b2
 163 0004 0200     		.2byte	0x2
 164 0006 00000000 		.4byte	.Ldebug_abbrev0
 165 000a 04       		.byte	0x4
 166 000b 01       		.uleb128 0x1
 167 000c 6E010000 		.4byte	.LASF36
ARM GAS  /tmp/cctX6GIe.s 			page 7


 168 0010 0C       		.byte	0xc
 169 0011 41020000 		.4byte	.LASF37
 170 0015 00000000 		.4byte	.LASF38
 171 0019 00000000 		.4byte	.Ldebug_ranges0+0
 172 001d 00000000 		.4byte	0
 173 0021 00000000 		.4byte	0
 174 0025 00000000 		.4byte	.Ldebug_line0
 175 0029 02       		.uleb128 0x2
 176 002a 01       		.byte	0x1
 177 002b 06       		.byte	0x6
 178 002c 4C020000 		.4byte	.LASF0
 179 0030 02       		.uleb128 0x2
 180 0031 01       		.byte	0x1
 181 0032 08       		.byte	0x8
 182 0033 B0000000 		.4byte	.LASF1
 183 0037 02       		.uleb128 0x2
 184 0038 02       		.byte	0x2
 185 0039 05       		.byte	0x5
 186 003a 19020000 		.4byte	.LASF2
 187 003e 03       		.uleb128 0x3
 188 003f F1000000 		.4byte	.LASF5
 189 0043 02       		.byte	0x2
 190 0044 2B       		.byte	0x2b
 191 0045 49000000 		.4byte	0x49
 192 0049 02       		.uleb128 0x2
 193 004a 02       		.byte	0x2
 194 004b 07       		.byte	0x7
 195 004c D5000000 		.4byte	.LASF3
 196 0050 02       		.uleb128 0x2
 197 0051 04       		.byte	0x4
 198 0052 05       		.byte	0x5
 199 0053 38020000 		.4byte	.LASF4
 200 0057 03       		.uleb128 0x3
 201 0058 04010000 		.4byte	.LASF6
 202 005c 02       		.byte	0x2
 203 005d 41       		.byte	0x41
 204 005e 62000000 		.4byte	0x62
 205 0062 02       		.uleb128 0x2
 206 0063 04       		.byte	0x4
 207 0064 07       		.byte	0x7
 208 0065 BE000000 		.4byte	.LASF7
 209 0069 02       		.uleb128 0x2
 210 006a 08       		.byte	0x8
 211 006b 05       		.byte	0x5
 212 006c 60010000 		.4byte	.LASF8
 213 0070 02       		.uleb128 0x2
 214 0071 08       		.byte	0x8
 215 0072 07       		.byte	0x7
 216 0073 3A010000 		.4byte	.LASF9
 217 0077 04       		.uleb128 0x4
 218 0078 04       		.byte	0x4
 219 0079 05       		.byte	0x5
 220 007a 696E7400 		.ascii	"int\000"
 221 007e 02       		.uleb128 0x2
 222 007f 04       		.byte	0x4
 223 0080 07       		.byte	0x7
 224 0081 20010000 		.4byte	.LASF10
ARM GAS  /tmp/cctX6GIe.s 			page 8


 225 0085 03       		.uleb128 0x3
 226 0086 23020000 		.4byte	.LASF11
 227 008a 03       		.byte	0x3
 228 008b 1A       		.byte	0x1a
 229 008c 3E000000 		.4byte	0x3e
 230 0090 03       		.uleb128 0x3
 231 0091 E8000000 		.4byte	.LASF12
 232 0095 03       		.byte	0x3
 233 0096 20       		.byte	0x20
 234 0097 57000000 		.4byte	0x57
 235 009b 02       		.uleb128 0x2
 236 009c 04       		.byte	0x4
 237 009d 07       		.byte	0x7
 238 009e 51010000 		.4byte	.LASF13
 239 00a2 05       		.uleb128 0x5
 240 00a3 90000000 		.4byte	0x90
 241 00a7 06       		.uleb128 0x6
 242 00a8 90000000 		.4byte	0x90
 243 00ac B7000000 		.4byte	0xb7
 244 00b0 07       		.uleb128 0x7
 245 00b1 9B000000 		.4byte	0x9b
 246 00b5 01       		.byte	0x1
 247 00b6 00       		.byte	0
 248 00b7 05       		.uleb128 0x5
 249 00b8 85000000 		.4byte	0x85
 250 00bc 08       		.uleb128 0x8
 251 00bd 2C       		.byte	0x2c
 252 00be 04       		.byte	0x4
 253 00bf 6902     		.2byte	0x269
 254 00c1 98010000 		.4byte	0x198
 255 00c5 09       		.uleb128 0x9
 256 00c6 48000000 		.4byte	.LASF14
 257 00ca 04       		.byte	0x4
 258 00cb 6B02     		.2byte	0x26b
 259 00cd A2000000 		.4byte	0xa2
 260 00d1 02       		.byte	0x2
 261 00d2 23       		.byte	0x23
 262 00d3 00       		.uleb128 0
 263 00d4 09       		.uleb128 0x9
 264 00d5 A0000000 		.4byte	.LASF15
 265 00d9 04       		.byte	0x4
 266 00da 6C02     		.2byte	0x26c
 267 00dc B7000000 		.4byte	0xb7
 268 00e0 02       		.byte	0x2
 269 00e1 23       		.byte	0x23
 270 00e2 04       		.uleb128 0x4
 271 00e3 09       		.uleb128 0x9
 272 00e4 72000000 		.4byte	.LASF16
 273 00e8 04       		.byte	0x4
 274 00e9 6D02     		.2byte	0x26d
 275 00eb 85000000 		.4byte	0x85
 276 00ef 02       		.byte	0x2
 277 00f0 23       		.byte	0x23
 278 00f1 06       		.uleb128 0x6
 279 00f2 09       		.uleb128 0x9
 280 00f3 34000000 		.4byte	.LASF17
 281 00f7 04       		.byte	0x4
ARM GAS  /tmp/cctX6GIe.s 			page 9


 282 00f8 6E02     		.2byte	0x26e
 283 00fa A2000000 		.4byte	0xa2
 284 00fe 02       		.byte	0x2
 285 00ff 23       		.byte	0x23
 286 0100 08       		.uleb128 0x8
 287 0101 09       		.uleb128 0x9
 288 0102 5A010000 		.4byte	.LASF18
 289 0106 04       		.byte	0x4
 290 0107 6F02     		.2byte	0x26f
 291 0109 A2000000 		.4byte	0xa2
 292 010d 02       		.byte	0x2
 293 010e 23       		.byte	0x23
 294 010f 0C       		.uleb128 0xc
 295 0110 0A       		.uleb128 0xa
 296 0111 49445200 		.ascii	"IDR\000"
 297 0115 04       		.byte	0x4
 298 0116 7002     		.2byte	0x270
 299 0118 B7000000 		.4byte	0xb7
 300 011c 02       		.byte	0x2
 301 011d 23       		.byte	0x23
 302 011e 10       		.uleb128 0x10
 303 011f 09       		.uleb128 0x9
 304 0120 7C000000 		.4byte	.LASF19
 305 0124 04       		.byte	0x4
 306 0125 7102     		.2byte	0x271
 307 0127 85000000 		.4byte	0x85
 308 012b 02       		.byte	0x2
 309 012c 23       		.byte	0x23
 310 012d 12       		.uleb128 0x12
 311 012e 0A       		.uleb128 0xa
 312 012f 4F445200 		.ascii	"ODR\000"
 313 0133 04       		.byte	0x4
 314 0134 7202     		.2byte	0x272
 315 0136 B7000000 		.4byte	0xb7
 316 013a 02       		.byte	0x2
 317 013b 23       		.byte	0x23
 318 013c 14       		.uleb128 0x14
 319 013d 09       		.uleb128 0x9
 320 013e 86000000 		.4byte	.LASF20
 321 0142 04       		.byte	0x4
 322 0143 7302     		.2byte	0x273
 323 0145 85000000 		.4byte	0x85
 324 0149 02       		.byte	0x2
 325 014a 23       		.byte	0x23
 326 014b 16       		.uleb128 0x16
 327 014c 09       		.uleb128 0x9
 328 014d 5B000000 		.4byte	.LASF21
 329 0151 04       		.byte	0x4
 330 0152 7402     		.2byte	0x274
 331 0154 A2000000 		.4byte	0xa2
 332 0158 02       		.byte	0x2
 333 0159 23       		.byte	0x23
 334 015a 18       		.uleb128 0x18
 335 015b 09       		.uleb128 0x9
 336 015c 2F000000 		.4byte	.LASF22
 337 0160 04       		.byte	0x4
 338 0161 7502     		.2byte	0x275
ARM GAS  /tmp/cctX6GIe.s 			page 10


 339 0163 A2000000 		.4byte	0xa2
 340 0167 02       		.byte	0x2
 341 0168 23       		.byte	0x23
 342 0169 1C       		.uleb128 0x1c
 343 016a 0A       		.uleb128 0xa
 344 016b 41465200 		.ascii	"AFR\000"
 345 016f 04       		.byte	0x4
 346 0170 7602     		.2byte	0x276
 347 0172 98010000 		.4byte	0x198
 348 0176 02       		.byte	0x2
 349 0177 23       		.byte	0x23
 350 0178 20       		.uleb128 0x20
 351 0179 0A       		.uleb128 0xa
 352 017a 42525200 		.ascii	"BRR\000"
 353 017e 04       		.byte	0x4
 354 017f 7702     		.2byte	0x277
 355 0181 B7000000 		.4byte	0xb7
 356 0185 02       		.byte	0x2
 357 0186 23       		.byte	0x23
 358 0187 28       		.uleb128 0x28
 359 0188 09       		.uleb128 0x9
 360 0189 90000000 		.4byte	.LASF23
 361 018d 04       		.byte	0x4
 362 018e 7802     		.2byte	0x278
 363 0190 85000000 		.4byte	0x85
 364 0194 02       		.byte	0x2
 365 0195 23       		.byte	0x23
 366 0196 2A       		.uleb128 0x2a
 367 0197 00       		.byte	0
 368 0198 05       		.uleb128 0x5
 369 0199 A7000000 		.4byte	0xa7
 370 019d 0B       		.uleb128 0xb
 371 019e 2D010000 		.4byte	.LASF24
 372 01a2 04       		.byte	0x4
 373 01a3 7902     		.2byte	0x279
 374 01a5 BC000000 		.4byte	0xbc
 375 01a9 08       		.uleb128 0x8
 376 01aa 38       		.byte	0x38
 377 01ab 04       		.byte	0x4
 378 01ac B502     		.2byte	0x2b5
 379 01ae 84020000 		.4byte	0x284
 380 01b2 0A       		.uleb128 0xa
 381 01b3 435200   		.ascii	"CR\000"
 382 01b6 04       		.byte	0x4
 383 01b7 B702     		.2byte	0x2b7
 384 01b9 A2000000 		.4byte	0xa2
 385 01bd 02       		.byte	0x2
 386 01be 23       		.byte	0x23
 387 01bf 00       		.uleb128 0
 388 01c0 09       		.uleb128 0x9
 389 01c1 3C000000 		.4byte	.LASF25
 390 01c5 04       		.byte	0x4
 391 01c6 B802     		.2byte	0x2b8
 392 01c8 A2000000 		.4byte	0xa2
 393 01cc 02       		.byte	0x2
 394 01cd 23       		.byte	0x23
 395 01ce 04       		.uleb128 0x4
ARM GAS  /tmp/cctX6GIe.s 			page 11


 396 01cf 0A       		.uleb128 0xa
 397 01d0 43495200 		.ascii	"CIR\000"
 398 01d4 04       		.byte	0x4
 399 01d5 B902     		.2byte	0x2b9
 400 01d7 A2000000 		.4byte	0xa2
 401 01db 02       		.byte	0x2
 402 01dc 23       		.byte	0x23
 403 01dd 08       		.uleb128 0x8
 404 01de 09       		.uleb128 0x9
 405 01df 17010000 		.4byte	.LASF26
 406 01e3 04       		.byte	0x4
 407 01e4 BA02     		.2byte	0x2ba
 408 01e6 A2000000 		.4byte	0xa2
 409 01ea 02       		.byte	0x2
 410 01eb 23       		.byte	0x23
 411 01ec 0C       		.uleb128 0xc
 412 01ed 09       		.uleb128 0x9
 413 01ee A7000000 		.4byte	.LASF27
 414 01f2 04       		.byte	0x4
 415 01f3 BB02     		.2byte	0x2bb
 416 01f5 A2000000 		.4byte	0xa2
 417 01f9 02       		.byte	0x2
 418 01fa 23       		.byte	0x23
 419 01fb 10       		.uleb128 0x10
 420 01fc 09       		.uleb128 0x9
 421 01fd 41000000 		.4byte	.LASF28
 422 0201 04       		.byte	0x4
 423 0202 BC02     		.2byte	0x2bc
 424 0204 A2000000 		.4byte	0xa2
 425 0208 02       		.byte	0x2
 426 0209 23       		.byte	0x23
 427 020a 14       		.uleb128 0x14
 428 020b 09       		.uleb128 0x9
 429 020c FC000000 		.4byte	.LASF29
 430 0210 04       		.byte	0x4
 431 0211 BD02     		.2byte	0x2bd
 432 0213 A2000000 		.4byte	0xa2
 433 0217 02       		.byte	0x2
 434 0218 23       		.byte	0x23
 435 0219 18       		.uleb128 0x18
 436 021a 09       		.uleb128 0x9
 437 021b 0F010000 		.4byte	.LASF30
 438 021f 04       		.byte	0x4
 439 0220 BE02     		.2byte	0x2be
 440 0222 A2000000 		.4byte	0xa2
 441 0226 02       		.byte	0x2
 442 0227 23       		.byte	0x23
 443 0228 1C       		.uleb128 0x1c
 444 0229 09       		.uleb128 0x9
 445 022a 56000000 		.4byte	.LASF31
 446 022e 04       		.byte	0x4
 447 022f BF02     		.2byte	0x2bf
 448 0231 A2000000 		.4byte	0xa2
 449 0235 02       		.byte	0x2
 450 0236 23       		.byte	0x23
 451 0237 20       		.uleb128 0x20
 452 0238 0A       		.uleb128 0xa
ARM GAS  /tmp/cctX6GIe.s 			page 12


 453 0239 43535200 		.ascii	"CSR\000"
 454 023d 04       		.byte	0x4
 455 023e C002     		.2byte	0x2c0
 456 0240 A2000000 		.4byte	0xa2
 457 0244 02       		.byte	0x2
 458 0245 23       		.byte	0x23
 459 0246 24       		.uleb128 0x24
 460 0247 09       		.uleb128 0x9
 461 0248 4E000000 		.4byte	.LASF32
 462 024c 04       		.byte	0x4
 463 024d C102     		.2byte	0x2c1
 464 024f A2000000 		.4byte	0xa2
 465 0253 02       		.byte	0x2
 466 0254 23       		.byte	0x23
 467 0255 28       		.uleb128 0x28
 468 0256 09       		.uleb128 0x9
 469 0257 60000000 		.4byte	.LASF33
 470 025b 04       		.byte	0x4
 471 025c C202     		.2byte	0x2c2
 472 025e A2000000 		.4byte	0xa2
 473 0262 02       		.byte	0x2
 474 0263 23       		.byte	0x23
 475 0264 2C       		.uleb128 0x2c
 476 0265 09       		.uleb128 0x9
 477 0266 9A000000 		.4byte	.LASF34
 478 026a 04       		.byte	0x4
 479 026b C302     		.2byte	0x2c3
 480 026d A2000000 		.4byte	0xa2
 481 0271 02       		.byte	0x2
 482 0272 23       		.byte	0x23
 483 0273 30       		.uleb128 0x30
 484 0274 0A       		.uleb128 0xa
 485 0275 43523200 		.ascii	"CR2\000"
 486 0279 04       		.byte	0x4
 487 027a C402     		.2byte	0x2c4
 488 027c A2000000 		.4byte	0xa2
 489 0280 02       		.byte	0x2
 490 0281 23       		.byte	0x23
 491 0282 34       		.uleb128 0x34
 492 0283 00       		.byte	0
 493 0284 0B       		.uleb128 0xb
 494 0285 2C020000 		.4byte	.LASF35
 495 0289 04       		.byte	0x4
 496 028a C502     		.2byte	0x2c5
 497 028c A9010000 		.4byte	0x1a9
 498 0290 0C       		.uleb128 0xc
 499 0291 01       		.byte	0x1
 500 0292 66000000 		.4byte	.LASF39
 501 0296 01       		.byte	0x1
 502 0297 1E       		.byte	0x1e
 503 0298 01       		.byte	0x1
 504 0299 00000000 		.4byte	.LFB20
 505 029d 90000000 		.4byte	.LFE20
 506 02a1 00000000 		.4byte	.LLST0
 507 02a5 01       		.byte	0x1
 508 02a6 0D       		.uleb128 0xd
 509 02a7 D0000000 		.4byte	.LASF40
ARM GAS  /tmp/cctX6GIe.s 			page 13


 510 02ab 01       		.byte	0x1
 511 02ac 20       		.byte	0x20
 512 02ad 62000000 		.4byte	0x62
 513 02b1 02       		.byte	0x2
 514 02b2 91       		.byte	0x91
 515 02b3 7C       		.sleb128 -4
 516 02b4 00       		.byte	0
 517 02b5 00       		.byte	0
 518              		.section	.debug_abbrev,"",%progbits
 519              	.Ldebug_abbrev0:
 520 0000 01       		.uleb128 0x1
 521 0001 11       		.uleb128 0x11
 522 0002 01       		.byte	0x1
 523 0003 25       		.uleb128 0x25
 524 0004 0E       		.uleb128 0xe
 525 0005 13       		.uleb128 0x13
 526 0006 0B       		.uleb128 0xb
 527 0007 03       		.uleb128 0x3
 528 0008 0E       		.uleb128 0xe
 529 0009 1B       		.uleb128 0x1b
 530 000a 0E       		.uleb128 0xe
 531 000b 55       		.uleb128 0x55
 532 000c 06       		.uleb128 0x6
 533 000d 11       		.uleb128 0x11
 534 000e 01       		.uleb128 0x1
 535 000f 52       		.uleb128 0x52
 536 0010 01       		.uleb128 0x1
 537 0011 10       		.uleb128 0x10
 538 0012 06       		.uleb128 0x6
 539 0013 00       		.byte	0
 540 0014 00       		.byte	0
 541 0015 02       		.uleb128 0x2
 542 0016 24       		.uleb128 0x24
 543 0017 00       		.byte	0
 544 0018 0B       		.uleb128 0xb
 545 0019 0B       		.uleb128 0xb
 546 001a 3E       		.uleb128 0x3e
 547 001b 0B       		.uleb128 0xb
 548 001c 03       		.uleb128 0x3
 549 001d 0E       		.uleb128 0xe
 550 001e 00       		.byte	0
 551 001f 00       		.byte	0
 552 0020 03       		.uleb128 0x3
 553 0021 16       		.uleb128 0x16
 554 0022 00       		.byte	0
 555 0023 03       		.uleb128 0x3
 556 0024 0E       		.uleb128 0xe
 557 0025 3A       		.uleb128 0x3a
 558 0026 0B       		.uleb128 0xb
 559 0027 3B       		.uleb128 0x3b
 560 0028 0B       		.uleb128 0xb
 561 0029 49       		.uleb128 0x49
 562 002a 13       		.uleb128 0x13
 563 002b 00       		.byte	0
 564 002c 00       		.byte	0
 565 002d 04       		.uleb128 0x4
 566 002e 24       		.uleb128 0x24
ARM GAS  /tmp/cctX6GIe.s 			page 14


 567 002f 00       		.byte	0
 568 0030 0B       		.uleb128 0xb
 569 0031 0B       		.uleb128 0xb
 570 0032 3E       		.uleb128 0x3e
 571 0033 0B       		.uleb128 0xb
 572 0034 03       		.uleb128 0x3
 573 0035 08       		.uleb128 0x8
 574 0036 00       		.byte	0
 575 0037 00       		.byte	0
 576 0038 05       		.uleb128 0x5
 577 0039 35       		.uleb128 0x35
 578 003a 00       		.byte	0
 579 003b 49       		.uleb128 0x49
 580 003c 13       		.uleb128 0x13
 581 003d 00       		.byte	0
 582 003e 00       		.byte	0
 583 003f 06       		.uleb128 0x6
 584 0040 01       		.uleb128 0x1
 585 0041 01       		.byte	0x1
 586 0042 49       		.uleb128 0x49
 587 0043 13       		.uleb128 0x13
 588 0044 01       		.uleb128 0x1
 589 0045 13       		.uleb128 0x13
 590 0046 00       		.byte	0
 591 0047 00       		.byte	0
 592 0048 07       		.uleb128 0x7
 593 0049 21       		.uleb128 0x21
 594 004a 00       		.byte	0
 595 004b 49       		.uleb128 0x49
 596 004c 13       		.uleb128 0x13
 597 004d 2F       		.uleb128 0x2f
 598 004e 0B       		.uleb128 0xb
 599 004f 00       		.byte	0
 600 0050 00       		.byte	0
 601 0051 08       		.uleb128 0x8
 602 0052 13       		.uleb128 0x13
 603 0053 01       		.byte	0x1
 604 0054 0B       		.uleb128 0xb
 605 0055 0B       		.uleb128 0xb
 606 0056 3A       		.uleb128 0x3a
 607 0057 0B       		.uleb128 0xb
 608 0058 3B       		.uleb128 0x3b
 609 0059 05       		.uleb128 0x5
 610 005a 01       		.uleb128 0x1
 611 005b 13       		.uleb128 0x13
 612 005c 00       		.byte	0
 613 005d 00       		.byte	0
 614 005e 09       		.uleb128 0x9
 615 005f 0D       		.uleb128 0xd
 616 0060 00       		.byte	0
 617 0061 03       		.uleb128 0x3
 618 0062 0E       		.uleb128 0xe
 619 0063 3A       		.uleb128 0x3a
 620 0064 0B       		.uleb128 0xb
 621 0065 3B       		.uleb128 0x3b
 622 0066 05       		.uleb128 0x5
 623 0067 49       		.uleb128 0x49
ARM GAS  /tmp/cctX6GIe.s 			page 15


 624 0068 13       		.uleb128 0x13
 625 0069 38       		.uleb128 0x38
 626 006a 0A       		.uleb128 0xa
 627 006b 00       		.byte	0
 628 006c 00       		.byte	0
 629 006d 0A       		.uleb128 0xa
 630 006e 0D       		.uleb128 0xd
 631 006f 00       		.byte	0
 632 0070 03       		.uleb128 0x3
 633 0071 08       		.uleb128 0x8
 634 0072 3A       		.uleb128 0x3a
 635 0073 0B       		.uleb128 0xb
 636 0074 3B       		.uleb128 0x3b
 637 0075 05       		.uleb128 0x5
 638 0076 49       		.uleb128 0x49
 639 0077 13       		.uleb128 0x13
 640 0078 38       		.uleb128 0x38
 641 0079 0A       		.uleb128 0xa
 642 007a 00       		.byte	0
 643 007b 00       		.byte	0
 644 007c 0B       		.uleb128 0xb
 645 007d 16       		.uleb128 0x16
 646 007e 00       		.byte	0
 647 007f 03       		.uleb128 0x3
 648 0080 0E       		.uleb128 0xe
 649 0081 3A       		.uleb128 0x3a
 650 0082 0B       		.uleb128 0xb
 651 0083 3B       		.uleb128 0x3b
 652 0084 05       		.uleb128 0x5
 653 0085 49       		.uleb128 0x49
 654 0086 13       		.uleb128 0x13
 655 0087 00       		.byte	0
 656 0088 00       		.byte	0
 657 0089 0C       		.uleb128 0xc
 658 008a 2E       		.uleb128 0x2e
 659 008b 01       		.byte	0x1
 660 008c 3F       		.uleb128 0x3f
 661 008d 0C       		.uleb128 0xc
 662 008e 03       		.uleb128 0x3
 663 008f 0E       		.uleb128 0xe
 664 0090 3A       		.uleb128 0x3a
 665 0091 0B       		.uleb128 0xb
 666 0092 3B       		.uleb128 0x3b
 667 0093 0B       		.uleb128 0xb
 668 0094 27       		.uleb128 0x27
 669 0095 0C       		.uleb128 0xc
 670 0096 11       		.uleb128 0x11
 671 0097 01       		.uleb128 0x1
 672 0098 12       		.uleb128 0x12
 673 0099 01       		.uleb128 0x1
 674 009a 40       		.uleb128 0x40
 675 009b 06       		.uleb128 0x6
 676 009c 9742     		.uleb128 0x2117
 677 009e 0C       		.uleb128 0xc
 678 009f 00       		.byte	0
 679 00a0 00       		.byte	0
 680 00a1 0D       		.uleb128 0xd
ARM GAS  /tmp/cctX6GIe.s 			page 16


 681 00a2 34       		.uleb128 0x34
 682 00a3 00       		.byte	0
 683 00a4 03       		.uleb128 0x3
 684 00a5 0E       		.uleb128 0xe
 685 00a6 3A       		.uleb128 0x3a
 686 00a7 0B       		.uleb128 0xb
 687 00a8 3B       		.uleb128 0x3b
 688 00a9 0B       		.uleb128 0xb
 689 00aa 49       		.uleb128 0x49
 690 00ab 13       		.uleb128 0x13
 691 00ac 02       		.uleb128 0x2
 692 00ad 0A       		.uleb128 0xa
 693 00ae 00       		.byte	0
 694 00af 00       		.byte	0
 695 00b0 00       		.byte	0
 696              		.section	.debug_loc,"",%progbits
 697              	.Ldebug_loc0:
 698              	.LLST0:
 699 0000 00000000 		.4byte	.LFB20
 700 0004 02000000 		.4byte	.LCFI0
 701 0008 0200     		.2byte	0x2
 702 000a 7D       		.byte	0x7d
 703 000b 00       		.sleb128 0
 704 000c 02000000 		.4byte	.LCFI0
 705 0010 90000000 		.4byte	.LFE20
 706 0014 0200     		.2byte	0x2
 707 0016 7D       		.byte	0x7d
 708 0017 08       		.sleb128 8
 709 0018 00000000 		.4byte	0
 710 001c 00000000 		.4byte	0
 711              		.section	.debug_aranges,"",%progbits
 712 0000 1C000000 		.4byte	0x1c
 713 0004 0200     		.2byte	0x2
 714 0006 00000000 		.4byte	.Ldebug_info0
 715 000a 04       		.byte	0x4
 716 000b 00       		.byte	0
 717 000c 0000     		.2byte	0
 718 000e 0000     		.2byte	0
 719 0010 00000000 		.4byte	.LFB20
 720 0014 90000000 		.4byte	.LFE20-.LFB20
 721 0018 00000000 		.4byte	0
 722 001c 00000000 		.4byte	0
 723              		.section	.debug_ranges,"",%progbits
 724              	.Ldebug_ranges0:
 725 0000 00000000 		.4byte	.LFB20
 726 0004 90000000 		.4byte	.LFE20
 727 0008 00000000 		.4byte	0
 728 000c 00000000 		.4byte	0
 729              		.section	.debug_line,"",%progbits
 730              	.Ldebug_line0:
 731 0000 18010000 		.section	.debug_str,"MS",%progbits,1
 731      0200F000 
 731      00000201 
 731      FB0E0D00 
 731      01010101 
 732              	.LASF38:
 733 0000 2F686F6D 		.ascii	"/home/med/Documents/stm32_proj/emacs_dexel_pfc\000"
ARM GAS  /tmp/cctX6GIe.s 			page 17


 733      652F6D65 
 733      642F446F 
 733      63756D65 
 733      6E74732F 
 734              	.LASF22:
 735 002f 4C434B52 		.ascii	"LCKR\000"
 735      00
 736              	.LASF17:
 737 0034 4F535045 		.ascii	"OSPEEDR\000"
 737      45445200 
 738              	.LASF25:
 739 003c 43464752 		.ascii	"CFGR\000"
 739      00
 740              	.LASF28:
 741 0041 41484245 		.ascii	"AHBENR\000"
 741      4E5200
 742              	.LASF14:
 743 0048 4D4F4445 		.ascii	"MODER\000"
 743      5200
 744              	.LASF32:
 745 004e 41484252 		.ascii	"AHBRSTR\000"
 745      53545200 
 746              	.LASF31:
 747 0056 42444352 		.ascii	"BDCR\000"
 747      00
 748              	.LASF21:
 749 005b 42535252 		.ascii	"BSRR\000"
 749      00
 750              	.LASF33:
 751 0060 43464752 		.ascii	"CFGR2\000"
 751      3200
 752              	.LASF39:
 753 0066 4750494F 		.ascii	"GPIO_Config\000"
 753      5F436F6E 
 753      66696700 
 754              	.LASF16:
 755 0072 52455345 		.ascii	"RESERVED0\000"
 755      52564544 
 755      3000
 756              	.LASF19:
 757 007c 52455345 		.ascii	"RESERVED1\000"
 757      52564544 
 757      3100
 758              	.LASF20:
 759 0086 52455345 		.ascii	"RESERVED2\000"
 759      52564544 
 759      3200
 760              	.LASF23:
 761 0090 52455345 		.ascii	"RESERVED3\000"
 761      52564544 
 761      3300
 762              	.LASF34:
 763 009a 43464752 		.ascii	"CFGR3\000"
 763      3300
 764              	.LASF15:
 765 00a0 4F545950 		.ascii	"OTYPER\000"
 765      455200
ARM GAS  /tmp/cctX6GIe.s 			page 18


 766              	.LASF27:
 767 00a7 41504231 		.ascii	"APB1RSTR\000"
 767      52535452 
 767      00
 768              	.LASF1:
 769 00b0 756E7369 		.ascii	"unsigned char\000"
 769      676E6564 
 769      20636861 
 769      7200
 770              	.LASF7:
 771 00be 6C6F6E67 		.ascii	"long unsigned int\000"
 771      20756E73 
 771      69676E65 
 771      6420696E 
 771      7400
 772              	.LASF40:
 773 00d0 74656D70 		.ascii	"temp\000"
 773      00
 774              	.LASF3:
 775 00d5 73686F72 		.ascii	"short unsigned int\000"
 775      7420756E 
 775      7369676E 
 775      65642069 
 775      6E7400
 776              	.LASF12:
 777 00e8 75696E74 		.ascii	"uint32_t\000"
 777      33325F74 
 777      00
 778              	.LASF5:
 779 00f1 5F5F7569 		.ascii	"__uint16_t\000"
 779      6E743136 
 779      5F7400
 780              	.LASF29:
 781 00fc 41504232 		.ascii	"APB2ENR\000"
 781      454E5200 
 782              	.LASF6:
 783 0104 5F5F7569 		.ascii	"__uint32_t\000"
 783      6E743332 
 783      5F7400
 784              	.LASF30:
 785 010f 41504231 		.ascii	"APB1ENR\000"
 785      454E5200 
 786              	.LASF26:
 787 0117 41504232 		.ascii	"APB2RSTR\000"
 787      52535452 
 787      00
 788              	.LASF10:
 789 0120 756E7369 		.ascii	"unsigned int\000"
 789      676E6564 
 789      20696E74 
 789      00
 790              	.LASF24:
 791 012d 4750494F 		.ascii	"GPIO_TypeDef\000"
 791      5F547970 
 791      65446566 
 791      00
 792              	.LASF9:
ARM GAS  /tmp/cctX6GIe.s 			page 19


 793 013a 6C6F6E67 		.ascii	"long long unsigned int\000"
 793      206C6F6E 
 793      6720756E 
 793      7369676E 
 793      65642069 
 794              	.LASF13:
 795 0151 73697A65 		.ascii	"sizetype\000"
 795      74797065 
 795      00
 796              	.LASF18:
 797 015a 50555044 		.ascii	"PUPDR\000"
 797      5200
 798              	.LASF8:
 799 0160 6C6F6E67 		.ascii	"long long int\000"
 799      206C6F6E 
 799      6720696E 
 799      7400
 800              	.LASF36:
 801 016e 474E5520 		.ascii	"GNU C11 5.2.1 20151202 (release) [ARM/embedded-5-br"
 801      43313120 
 801      352E322E 
 801      31203230 
 801      31353132 
 802 01a1 616E6368 		.ascii	"anch revision 231848] -mcpu=cortex-m0 -mthumb -g -g"
 802      20726576 
 802      6973696F 
 802      6E203233 
 802      31383438 
 803 01d4 64776172 		.ascii	"dwarf-2 -O0 -fomit-frame-pointer -fdata-sections -f"
 803      662D3220 
 803      2D4F3020 
 803      2D666F6D 
 803      69742D66 
 804 0207 66756E63 		.ascii	"function-sections\000"
 804      74696F6E 
 804      2D736563 
 804      74696F6E 
 804      7300
 805              	.LASF2:
 806 0219 73686F72 		.ascii	"short int\000"
 806      7420696E 
 806      7400
 807              	.LASF11:
 808 0223 75696E74 		.ascii	"uint16_t\000"
 808      31365F74 
 808      00
 809              	.LASF35:
 810 022c 5243435F 		.ascii	"RCC_TypeDef\000"
 810      54797065 
 810      44656600 
 811              	.LASF4:
 812 0238 6C6F6E67 		.ascii	"long int\000"
 812      20696E74 
 812      00
 813              	.LASF37:
 814 0241 7372632F 		.ascii	"src/gpio.c\000"
 814      6770696F 
ARM GAS  /tmp/cctX6GIe.s 			page 20


 814      2E6300
 815              	.LASF0:
 816 024c 7369676E 		.ascii	"signed char\000"
 816      65642063 
 816      68617200 
 817              		.ident	"GCC: (GNU Tools for ARM Embedded Processors) 5.2.1 20151202 (release) [ARM/embedded-5-bran
ARM GAS  /tmp/cctX6GIe.s 			page 21


DEFINED SYMBOLS
                            *ABS*:00000000 gpio.c
     /tmp/cctX6GIe.s:54     .text.GPIO_Config:00000000 $t
     /tmp/cctX6GIe.s:59     .text.GPIO_Config:00000000 GPIO_Config
     /tmp/cctX6GIe.s:148    .text.GPIO_Config:00000080 $d
                     .debug_frame:00000010 $d

NO UNDEFINED SYMBOLS
